<?xml version="1.0" encoding="UTF-8" standalone="yes"?><!DOCTYPE report PUBLIC "-//JACOCO//DTD Report 1.1//EN" "report.dtd"><report name="debug"><sessioninfo id="unknownhost-f24b910d" start="1683332566025" dump="1683332706778"/><package name="com/example/tko_chess/ultils"><class name="com/example/tko_chess/ultils/Const" sourcefilename="Const.java"><method name="&lt;init&gt;" desc="()V" line="6"><counter type="INSTRUCTION" missed="3" covered="0"/><counter type="LINE" missed="1" covered="0"/><counter type="COMPLEXITY" missed="1" covered="0"/><counter type="METHOD" missed="1" covered="0"/></method><counter type="INSTRUCTION" missed="3" covered="0"/><counter type="LINE" missed="1" covered="0"/><counter type="COMPLEXITY" missed="1" covered="0"/><counter type="METHOD" missed="1" covered="0"/><counter type="CLASS" missed="1" covered="0"/></class><sourcefile name="Const.java"><line nr="6" mi="3" ci="0" mb="0" cb="0"/><counter type="INSTRUCTION" missed="3" covered="0"/><counter type="LINE" missed="1" covered="0"/><counter type="COMPLEXITY" missed="1" covered="0"/><counter type="METHOD" missed="1" covered="0"/><counter type="CLASS" missed="1" covered="0"/></sourcefile><counter type="INSTRUCTION" missed="3" covered="0"/><counter type="LINE" missed="1" covered="0"/><counter type="COMPLEXITY" missed="1" covered="0"/><counter type="METHOD" missed="1" covered="0"/><counter type="CLASS" missed="1" covered="0"/></package><package name="com/example/tko_chess"><class name="com/example/tko_chess/ChessActivity$68" sourcefilename="ChessActivity.java"><method name="&lt;init&gt;" desc="(Lcom/example/tko_chess/ChessActivity;Ljava/lang/String;)V" line="1498"><counter type="INSTRUCTION" missed="9" covered="0"/><counter type="LINE" missed="1" covered="0"/><counter type="COMPLEXITY" missed="1" covered="0"/><counter type="METHOD" missed="1" covered="0"/></method><method name="run" desc="()V" line="1501"><counter type="INSTRUCTION" missed="641" covered="0"/><counter type="BRANCH" missed="128" covered="0"/><counter type="LINE" missed="129" covered="0"/><counter type="COMPLEXITY" missed="65" covered="0"/><counter type="METHOD" missed="1" covered="0"/></method><counter type="INSTRUCTION" missed="650" covered="0"/><counter type="BRANCH" missed="128" covered="0"/><counter type="LINE" missed="130" covered="0"/><counter type="COMPLEXITY" missed="66" covered="0"/><counter type="METHOD" missed="2" covered="0"/><counter type="CLASS" missed="1" covered="0"/></class><class name="com/example/tko_chess/FriendsActivity$16" sourcefilename="FriendsActivity.java"><method name="&lt;init&gt;" desc="(Lcom/example/tko_chess/FriendsActivity;)V" line="447"><counter type="INSTRUCTION" missed="0" covered="6"/><counter type="LINE" missed="0" covered="1"/><counter type="COMPLEXITY" missed="0" covered="1"/><counter type="METHOD" missed="0" covered="1"/></method><method name="onErrorResponse" desc="(Lcom/android/volley/VolleyError;)V" line="450"><counter type="INSTRUCTION" missed="6" covered="0"/><counter type="LINE" missed="2" covered="0"/><counter type="COMPLEXITY" missed="1" covered="0"/><counter type="METHOD" missed="1" covered="0"/></method><counter type="INSTRUCTION" missed="6" covered="6"/><counter type="LINE" missed="2" covered="1"/><counter type="COMPLEXITY" missed="1" covered="1"/><counter type="METHOD" missed="1" covered="1"/><counter type="CLASS" missed="0" covered="1"/></class><class name="com/example/tko_chess/LogInActivity$2$1" sourcefilename="LogInActivity.java"><method name="&lt;init&gt;" desc="(Lcom/example/tko_chess/LogInActivity$2;Lorg/json/JSONObject;)V" line="118"><counter type="INSTRUCTION" missed="0" covered="9"/><counter type="LINE" missed="0" covered="1"/><counter type="COMPLEXITY" missed="0" covered="1"/><counter type="METHOD" missed="0" covered="1"/></method><method name="onResponse" desc="(Lorg/json/JSONObject;)V" line="125"><counter type="INSTRUCTION" missed="18" covered="49"/><counter type="BRANCH" missed="0" covered="2"/><counter type="LINE" missed="6" covered="12"/><counter type="COMPLEXITY" missed="0" covered="2"/><counter type="METHOD" missed="0" covered="1"/></method><counter type="INSTRUCTION" missed="18" covered="58"/><counter type="BRANCH" missed="0" covered="2"/><counter type="LINE" missed="6" covered="13"/><counter type="COMPLEXITY" missed="0" covered="3"/><counter type="METHOD" missed="0" covered="2"/><counter type="CLASS" missed="0" covered="1"/></class><class name="com/example/tko_chess/ChessActivity$69" sourcefilename="ChessActivity.java"><method name="&lt;init&gt;" desc="(Lcom/example/tko_chess/ChessActivity;)V" line="1708"><counter type="INSTRUCTION" missed="6" covered="0"/><counter type="LINE" missed="1" covered="0"/><counter type="COMPLEXITY" missed="1" covered="0"/><counter type="METHOD" missed="1" covered="0"/></method><method name="run" desc="()V" line="1712"><counter type="INSTRUCTION" missed="321" covered="0"/><counter type="LINE" missed="65" covered="0"/><counter type="COMPLEXITY" missed="1" covered="0"/><counter type="METHOD" missed="1" covered="0"/></method><counter type="INSTRUCTION" missed="327" covered="0"/><counter type="LINE" missed="66" covered="0"/><counter type="COMPLEXITY" missed="2" covered="0"/><counter type="METHOD" missed="2" covered="0"/><counter type="CLASS" missed="1" covered="0"/></class><class name="com/example/tko_chess/FriendsActivity$17" sourcefilename="FriendsActivity.java"><method name="&lt;init&gt;" desc="(Lcom/example/tko_chess/FriendsActivity;Landroid/widget/TextView;)V" line="484"><counter type="INSTRUCTION" missed="0" covered="9"/><counter type="LINE" missed="0" covered="1"/><counter type="COMPLEXITY" missed="0" covered="1"/><counter type="METHOD" missed="0" covered="1"/></method><method name="onClick" desc="(Landroid/view/View;)V" line="488"><counter type="INSTRUCTION" missed="0" covered="33"/><counter type="LINE" missed="0" covered="4"/><counter type="COMPLEXITY" missed="0" covered="1"/><counter type="METHOD" missed="0" covered="1"/></method><counter type="INSTRUCTION" missed="0" covered="42"/><counter type="LINE" missed="0" covered="5"/><counter type="COMPLEXITY" missed="0" covered="2"/><counter type="METHOD" missed="0" covered="2"/><counter type="CLASS" missed="0" covered="1"/></class><class name="com/example/tko_chess/LogInActivity$2$2" sourcefilename="LogInActivity.java"><method name="&lt;init&gt;" desc="(Lcom/example/tko_chess/LogInActivity$2;)V" line="152"><counter type="INSTRUCTION" missed="0" covered="6"/><counter type="LINE" missed="0" covered="1"/><counter type="COMPLEXITY" missed="0" covered="1"/><counter type="METHOD" missed="0" covered="1"/></method><method name="onErrorResponse" desc="(Lcom/android/volley/VolleyError;)V" line="155"><counter type="INSTRUCTION" missed="11" covered="0"/><counter type="LINE" missed="3" covered="0"/><counter type="COMPLEXITY" missed="1" covered="0"/><counter type="METHOD" missed="1" covered="0"/></method><counter type="INSTRUCTION" missed="11" covered="6"/><counter type="LINE" missed="3" covered="1"/><counter type="COMPLEXITY" missed="1" covered="1"/><counter type="METHOD" missed="1" covered="1"/><counter type="CLASS" missed="0" covered="1"/></class><class name="com/example/tko_chess/FriendsActivity$14" sourcefilename="FriendsActivity.java"><method name="&lt;init&gt;" desc="(Lcom/example/tko_chess/FriendsActivity;Landroid/widget/TextView;)V" line="406"><counter type="INSTRUCTION" missed="0" covered="9"/><counter type="LINE" missed="0" covered="1"/><counter type="COMPLEXITY" missed="0" covered="1"/><counter type="METHOD" missed="0" covered="1"/></method><method name="onClick" desc="(Landroid/view/View;)V" line="410"><counter type="INSTRUCTION" missed="0" covered="33"/><counter type="LINE" missed="0" covered="4"/><counter type="COMPLEXITY" missed="0" covered="1"/><counter type="METHOD" missed="0" covered="1"/></method><counter type="INSTRUCTION" missed="0" covered="42"/><counter type="LINE" missed="0" covered="5"/><counter type="COMPLEXITY" missed="0" covered="2"/><counter type="METHOD" missed="0" covered="2"/><counter type="CLASS" missed="0" covered="1"/></class><class name="com/example/tko_chess/FriendsActivity$15" sourcefilename="FriendsActivity.java"><method name="&lt;init&gt;" desc="(Lcom/example/tko_chess/FriendsActivity;)V" line="429"><counter type="INSTRUCTION" missed="0" covered="6"/><counter type="LINE" missed="0" covered="1"/><counter type="COMPLEXITY" missed="0" covered="1"/><counter type="METHOD" missed="0" covered="1"/></method><method name="onResponse" desc="(Lorg/json/JSONObject;)V" line="434"><counter type="INSTRUCTION" missed="11" covered="30"/><counter type="BRANCH" missed="1" covered="1"/><counter type="LINE" missed="3" covered="6"/><counter type="COMPLEXITY" missed="1" covered="1"/><counter type="METHOD" missed="0" covered="1"/></method><counter type="INSTRUCTION" missed="11" covered="36"/><counter type="BRANCH" missed="1" covered="1"/><counter type="LINE" missed="3" covered="7"/><counter type="COMPLEXITY" missed="1" covered="2"/><counter type="METHOD" missed="0" covered="2"/><counter type="CLASS" missed="0" covered="1"/></class><class name="com/example/tko_chess/FriendsActivity$12" sourcefilename="FriendsActivity.java"><method name="&lt;init&gt;" desc="(Lcom/example/tko_chess/FriendsActivity;)V" line="350"><counter type="INSTRUCTION" missed="0" covered="6"/><counter type="LINE" missed="0" covered="1"/><counter type="COMPLEXITY" missed="0" covered="1"/><counter type="METHOD" missed="0" covered="1"/></method><method name="onResponse" desc="(Lorg/json/JSONObject;)V" line="355"><counter type="INSTRUCTION" missed="11" covered="30"/><counter type="BRANCH" missed="1" covered="1"/><counter type="LINE" missed="3" covered="6"/><counter type="COMPLEXITY" missed="1" covered="1"/><counter type="METHOD" missed="0" covered="1"/></method><counter type="INSTRUCTION" missed="11" covered="36"/><counter type="BRANCH" missed="1" covered="1"/><counter type="LINE" missed="3" covered="7"/><counter type="COMPLEXITY" missed="1" covered="2"/><counter type="METHOD" missed="0" covered="2"/><counter type="CLASS" missed="0" covered="1"/></class><class name="com/example/tko_chess/FriendsActivity$13" sourcefilename="FriendsActivity.java"><method name="&lt;init&gt;" desc="(Lcom/example/tko_chess/FriendsActivity;)V" line="368"><counter type="INSTRUCTION" missed="0" covered="6"/><counter type="LINE" missed="0" covered="1"/><counter type="COMPLEXITY" missed="0" covered="1"/><counter type="METHOD" missed="0" covered="1"/></method><method name="onErrorResponse" desc="(Lcom/android/volley/VolleyError;)V" line="371"><counter type="INSTRUCTION" missed="6" covered="0"/><counter type="LINE" missed="2" covered="0"/><counter type="COMPLEXITY" missed="1" covered="0"/><counter type="METHOD" missed="1" covered="0"/></method><counter type="INSTRUCTION" missed="6" covered="6"/><counter type="LINE" missed="2" covered="1"/><counter type="COMPLEXITY" missed="1" covered="1"/><counter type="METHOD" missed="1" covered="1"/><counter type="CLASS" missed="0" covered="1"/></class><class name="com/example/tko_chess/FriendsActivity$10" sourcefilename="FriendsActivity.java"><method name="&lt;init&gt;" desc="(Lcom/example/tko_chess/FriendsActivity;)V" line="313"><counter type="INSTRUCTION" missed="0" covered="6"/><counter type="LINE" missed="0" covered="1"/><counter type="COMPLEXITY" missed="0" covered="1"/><counter type="METHOD" missed="0" covered="1"/></method><method name="onResponse" desc="(Lorg/json/JSONObject;)V" line="318"><counter type="INSTRUCTION" missed="11" covered="30"/><counter type="BRANCH" missed="1" covered="1"/><counter type="LINE" missed="3" covered="6"/><counter type="COMPLEXITY" missed="1" covered="1"/><counter type="METHOD" missed="0" covered="1"/></method><counter type="INSTRUCTION" missed="11" covered="36"/><counter type="BRANCH" missed="1" covered="1"/><counter type="LINE" missed="3" covered="7"/><counter type="COMPLEXITY" missed="1" covered="2"/><counter type="METHOD" missed="0" covered="2"/><counter type="CLASS" missed="0" covered="1"/></class><class name="com/example/tko_chess/FriendsActivity$11" sourcefilename="FriendsActivity.java"><method name="&lt;init&gt;" desc="(Lcom/example/tko_chess/FriendsActivity;)V" line="331"><counter type="INSTRUCTION" missed="0" covered="6"/><counter type="LINE" missed="0" covered="1"/><counter type="COMPLEXITY" missed="0" covered="1"/><counter type="METHOD" missed="0" covered="1"/></method><method name="onErrorResponse" desc="(Lcom/android/volley/VolleyError;)V" line="334"><counter type="INSTRUCTION" missed="6" covered="0"/><counter type="LINE" missed="2" covered="0"/><counter type="COMPLEXITY" missed="1" covered="0"/><counter type="METHOD" missed="1" covered="0"/></method><counter type="INSTRUCTION" missed="6" covered="6"/><counter type="LINE" missed="2" covered="1"/><counter type="COMPLEXITY" missed="1" covered="1"/><counter type="METHOD" missed="1" covered="1"/><counter type="CLASS" missed="0" covered="1"/></class><class name="com/example/tko_chess/SingletonUser" sourcefilename="SingletonUser.java"><method name="getInstance" desc="()Lcom/example/tko_chess/SingletonUser;" line="44"><counter type="INSTRUCTION" missed="0" covered="8"/><counter type="BRANCH" missed="0" covered="2"/><counter type="LINE" missed="0" covered="3"/><counter type="COMPLEXITY" missed="0" covered="2"/><counter type="METHOD" missed="0" covered="1"/></method><method name="&lt;init&gt;" desc="()V" line="55"><counter type="INSTRUCTION" missed="0" covered="5"/><counter type="LINE" missed="0" covered="3"/><counter type="COMPLEXITY" missed="0" covered="1"/><counter type="METHOD" missed="0" covered="1"/></method><method name="updateUserObject" desc="(Ljava/lang/String;Landroid/content/Context;)V" line="70"><counter type="INSTRUCTION" missed="0" covered="30"/><counter type="LINE" missed="0" covered="4"/><counter type="COMPLEXITY" missed="0" covered="1"/><counter type="METHOD" missed="0" covered="1"/></method><method name="logout" desc="()V" line="92"><counter type="INSTRUCTION" missed="0" covered="5"/><counter type="LINE" missed="0" covered="3"/><counter type="COMPLEXITY" missed="0" covered="1"/><counter type="METHOD" missed="0" covered="1"/></method><method name="getUsername" desc="()Ljava/lang/String;" line="104"><counter type="INSTRUCTION" missed="6" covered="5"/><counter type="LINE" missed="2" covered="1"/><counter type="COMPLEXITY" missed="0" covered="1"/><counter type="METHOD" missed="0" covered="1"/></method><method name="getPassword" desc="()Ljava/lang/String;" line="119"><counter type="INSTRUCTION" missed="6" covered="5"/><counter type="LINE" missed="2" covered="1"/><counter type="COMPLEXITY" missed="0" covered="1"/><counter type="METHOD" missed="0" covered="1"/></method><method name="isAdmin" desc="()Z" line="132"><counter type="INSTRUCTION" missed="12" covered="0"/><counter type="LINE" missed="3" covered="0"/><counter type="COMPLEXITY" missed="1" covered="0"/><counter type="METHOD" missed="1" covered="0"/></method><method name="getListOfFriends" desc="()Lorg/json/JSONArray;" line="146"><counter type="INSTRUCTION" missed="6" covered="5"/><counter type="LINE" missed="2" covered="1"/><counter type="COMPLEXITY" missed="0" covered="1"/><counter type="METHOD" missed="0" covered="1"/></method><method name="getListOfPendingFriendReq" desc="()Lorg/json/JSONArray;" line="161"><counter type="INSTRUCTION" missed="6" covered="5"/><counter type="LINE" missed="2" covered="1"/><counter type="COMPLEXITY" missed="0" covered="1"/><counter type="METHOD" missed="0" covered="1"/></method><method name="getListOfSentFriendReq" desc="()Lorg/json/JSONArray;" line="175"><counter type="INSTRUCTION" missed="6" covered="5"/><counter type="LINE" missed="2" covered="1"/><counter type="COMPLEXITY" missed="0" covered="1"/><counter type="METHOD" missed="0" covered="1"/></method><method name="&lt;clinit&gt;" desc="()V" line="29"><counter type="INSTRUCTION" missed="0" covered="5"/><counter type="LINE" missed="0" covered="2"/><counter type="COMPLEXITY" missed="0" covered="1"/><counter type="METHOD" missed="0" covered="1"/></method><counter type="INSTRUCTION" missed="42" covered="78"/><counter type="BRANCH" missed="0" covered="2"/><counter type="LINE" missed="13" covered="20"/><counter type="COMPLEXITY" missed="1" covered="11"/><counter type="METHOD" missed="1" covered="10"/><counter type="CLASS" missed="0" covered="1"/></class><class name="com/example/tko_chess/LobbyActivity$22" sourcefilename="LobbyActivity.java"><method name="&lt;init&gt;" desc="(Lcom/example/tko_chess/LobbyActivity;[Ljava/lang/String;)V" line="1040"><counter type="INSTRUCTION" missed="0" covered="9"/><counter type="LINE" missed="0" covered="1"/><counter type="COMPLEXITY" missed="0" covered="1"/><counter type="METHOD" missed="0" covered="1"/></method><method name="run" desc="()V" line="1043"><counter type="INSTRUCTION" missed="62" covered="92"/><counter type="BRANCH" missed="4" covered="3"/><counter type="LINE" missed="8" covered="11"/><counter type="COMPLEXITY" missed="4" covered="3"/><counter type="METHOD" missed="0" covered="1"/></method><counter type="INSTRUCTION" missed="62" covered="101"/><counter type="BRANCH" missed="4" covered="3"/><counter type="LINE" missed="8" covered="12"/><counter type="COMPLEXITY" missed="4" covered="4"/><counter type="METHOD" missed="0" covered="2"/><counter type="CLASS" missed="0" covered="1"/></class><class name="com/example/tko_chess/ChessActivity$70" sourcefilename="ChessActivity.java"><method name="&lt;init&gt;" desc="(Lcom/example/tko_chess/ChessActivity;)V" line="1791"><counter type="INSTRUCTION" missed="6" covered="0"/><counter type="LINE" missed="1" covered="0"/><counter type="COMPLEXITY" missed="1" covered="0"/><counter type="METHOD" missed="1" covered="0"/></method><method name="run" desc="()V" line="1795"><counter type="INSTRUCTION" missed="321" covered="0"/><counter type="LINE" missed="65" covered="0"/><counter type="COMPLEXITY" missed="1" covered="0"/><counter type="METHOD" missed="1" covered="0"/></method><counter type="INSTRUCTION" missed="327" covered="0"/><counter type="LINE" missed="66" covered="0"/><counter type="COMPLEXITY" missed="2" covered="0"/><counter type="METHOD" missed="2" covered="0"/><counter type="CLASS" missed="1" covered="0"/></class><class name="com/example/tko_chess/LobbyActivity$23" sourcefilename="LobbyActivity.java"><method name="&lt;init&gt;" desc="(Lcom/example/tko_chess/LobbyActivity;[Ljava/lang/String;)V" line="1099"><counter type="INSTRUCTION" missed="0" covered="9"/><counter type="LINE" missed="0" covered="1"/><counter type="COMPLEXITY" missed="0" covered="1"/><counter type="METHOD" missed="0" covered="1"/></method><method name="run" desc="()V" line="1102"><counter type="INSTRUCTION" missed="162" covered="80"/><counter type="BRANCH" missed="29" covered="5"/><counter type="LINE" missed="31" covered="15"/><counter type="COMPLEXITY" missed="16" covered="2"/><counter type="METHOD" missed="0" covered="1"/></method><counter type="INSTRUCTION" missed="162" covered="89"/><counter type="BRANCH" missed="29" covered="5"/><counter type="LINE" missed="31" covered="16"/><counter type="COMPLEXITY" missed="16" covered="3"/><counter type="METHOD" missed="0" covered="2"/><counter type="CLASS" missed="0" covered="1"/></class><class name="com/example/tko_chess/ChessActivity$71" sourcefilename="ChessActivity.java"><method name="&lt;init&gt;" desc="(Lcom/example/tko_chess/ChessActivity;Ljava/lang/String;)V" line="1874"><counter type="INSTRUCTION" missed="9" covered="0"/><counter type="LINE" missed="1" covered="0"/><counter type="COMPLEXITY" missed="1" covered="0"/><counter type="METHOD" missed="1" covered="0"/></method><method name="run" desc="()V" line="1878"><counter type="INSTRUCTION" missed="641" covered="0"/><counter type="BRANCH" missed="128" covered="0"/><counter type="LINE" missed="129" covered="0"/><counter type="COMPLEXITY" missed="65" covered="0"/><counter type="METHOD" missed="1" covered="0"/></method><counter type="INSTRUCTION" missed="650" covered="0"/><counter type="BRANCH" missed="128" covered="0"/><counter type="LINE" missed="130" covered="0"/><counter type="COMPLEXITY" missed="66" covered="0"/><counter type="METHOD" missed="2" covered="0"/><counter type="CLASS" missed="1" covered="0"/></class><class name="com/example/tko_chess/LobbyActivity$20" sourcefilename="LobbyActivity.java"><method name="&lt;init&gt;" desc="(Lcom/example/tko_chess/LobbyActivity;[Ljava/lang/String;)V" line="951"><counter type="INSTRUCTION" missed="9" covered="0"/><counter type="LINE" missed="1" covered="0"/><counter type="COMPLEXITY" missed="1" covered="0"/><counter type="METHOD" missed="1" covered="0"/></method><method name="run" desc="()V" line="955"><counter type="INSTRUCTION" missed="61" covered="0"/><counter type="BRANCH" missed="8" covered="0"/><counter type="LINE" missed="11" covered="0"/><counter type="COMPLEXITY" missed="5" covered="0"/><counter type="METHOD" missed="1" covered="0"/></method><counter type="INSTRUCTION" missed="70" covered="0"/><counter type="BRANCH" missed="8" covered="0"/><counter type="LINE" missed="12" covered="0"/><counter type="COMPLEXITY" missed="6" covered="0"/><counter type="METHOD" missed="2" covered="0"/><counter type="CLASS" missed="1" covered="0"/></class><class name="com/example/tko_chess/ChessActivity$72" sourcefilename="ChessActivity.java"><method name="&lt;init&gt;" desc="(Lcom/example/tko_chess/ChessActivity;Ljava/lang/String;Ljava/lang/String;)V" line="2085"><counter type="INSTRUCTION" missed="12" covered="0"/><counter type="LINE" missed="1" covered="0"/><counter type="COMPLEXITY" missed="1" covered="0"/><counter type="METHOD" missed="1" covered="0"/></method><method name="run" desc="()V" line="2088"><counter type="INSTRUCTION" missed="7741" covered="0"/><counter type="BRANCH" missed="1560" covered="0"/><counter type="LINE" missed="1549" covered="0"/><counter type="COMPLEXITY" missed="781" covered="0"/><counter type="METHOD" missed="1" covered="0"/></method><counter type="INSTRUCTION" missed="7753" covered="0"/><counter type="BRANCH" missed="1560" covered="0"/><counter type="LINE" missed="1550" covered="0"/><counter type="COMPLEXITY" missed="782" covered="0"/><counter type="METHOD" missed="2" covered="0"/><counter type="CLASS" missed="1" covered="0"/></class><class name="com/example/tko_chess/LobbyActivity$21" sourcefilename="LobbyActivity.java"><method name="&lt;init&gt;" desc="(Lcom/example/tko_chess/LobbyActivity;[Ljava/lang/String;)V" line="987"><counter type="INSTRUCTION" missed="9" covered="0"/><counter type="LINE" missed="1" covered="0"/><counter type="COMPLEXITY" missed="1" covered="0"/><counter type="METHOD" missed="1" covered="0"/></method><method name="run" desc="()V" line="991"><counter type="INSTRUCTION" missed="89" covered="0"/><counter type="BRANCH" missed="4" covered="0"/><counter type="LINE" missed="18" covered="0"/><counter type="COMPLEXITY" missed="3" covered="0"/><counter type="METHOD" missed="1" covered="0"/></method><counter type="INSTRUCTION" missed="98" covered="0"/><counter type="BRANCH" missed="4" covered="0"/><counter type="LINE" missed="19" covered="0"/><counter type="COMPLEXITY" missed="4" covered="0"/><counter type="METHOD" missed="2" covered="0"/><counter type="CLASS" missed="1" covered="0"/></class><class name="com/example/tko_chess/ChessActivity$73" sourcefilename="ChessActivity.java"><method name="&lt;init&gt;" desc="(Lcom/example/tko_chess/ChessActivity;Ljava/lang/String;)V" line="4511"><counter type="INSTRUCTION" missed="9" covered="0"/><counter type="LINE" missed="1" covered="0"/><counter type="COMPLEXITY" missed="1" covered="0"/><counter type="METHOD" missed="1" covered="0"/></method><method name="run" desc="()V" line="4515"><counter type="INSTRUCTION" missed="43" covered="0"/><counter type="LINE" missed="9" covered="0"/><counter type="COMPLEXITY" missed="1" covered="0"/><counter type="METHOD" missed="1" covered="0"/></method><counter type="INSTRUCTION" missed="52" covered="0"/><counter type="LINE" missed="10" covered="0"/><counter type="COMPLEXITY" missed="2" covered="0"/><counter type="METHOD" missed="2" covered="0"/><counter type="CLASS" missed="1" covered="0"/></class><class name="com/example/tko_chess/ChessActivity$74" sourcefilename="ChessActivity.java"><method name="&lt;init&gt;" desc="(Lcom/example/tko_chess/ChessActivity;Ljava/lang/String;)V" line="4541"><counter type="INSTRUCTION" missed="9" covered="0"/><counter type="LINE" missed="1" covered="0"/><counter type="COMPLEXITY" missed="1" covered="0"/><counter type="METHOD" missed="1" covered="0"/></method><method name="run" desc="()V" line="4544"><counter type="INSTRUCTION" missed="22" covered="0"/><counter type="BRANCH" missed="4" covered="0"/><counter type="LINE" missed="5" covered="0"/><counter type="COMPLEXITY" missed="3" covered="0"/><counter type="METHOD" missed="1" covered="0"/></method><counter type="INSTRUCTION" missed="31" covered="0"/><counter type="BRANCH" missed="4" covered="0"/><counter type="LINE" missed="6" covered="0"/><counter type="COMPLEXITY" missed="4" covered="0"/><counter type="METHOD" missed="2" covered="0"/><counter type="CLASS" missed="1" covered="0"/></class><class name="com/example/tko_chess/ChessActivity$75" sourcefilename="ChessActivity.java"><method name="&lt;init&gt;" desc="(Lcom/example/tko_chess/ChessActivity;Ljava/lang/String;)V" line="4557"><counter type="INSTRUCTION" missed="9" covered="0"/><counter type="LINE" missed="1" covered="0"/><counter type="COMPLEXITY" missed="1" covered="0"/><counter type="METHOD" missed="1" covered="0"/></method><method name="run" desc="()V" line="4560"><counter type="INSTRUCTION" missed="127" covered="0"/><counter type="BRANCH" missed="4" covered="0"/><counter type="LINE" missed="27" covered="0"/><counter type="COMPLEXITY" missed="3" covered="0"/><counter type="METHOD" missed="1" covered="0"/></method><counter type="INSTRUCTION" missed="136" covered="0"/><counter type="BRANCH" missed="4" covered="0"/><counter type="LINE" missed="28" covered="0"/><counter type="COMPLEXITY" missed="4" covered="0"/><counter type="METHOD" missed="2" covered="0"/><counter type="CLASS" missed="1" covered="0"/></class><class name="com/example/tko_chess/LobbyActivity$1$1" sourcefilename="LobbyActivity.java"><method name="&lt;init&gt;" desc="(Lcom/example/tko_chess/LobbyActivity$1;)V" line="287"><counter type="INSTRUCTION" missed="0" covered="6"/><counter type="LINE" missed="0" covered="1"/><counter type="COMPLEXITY" missed="0" covered="1"/><counter type="METHOD" missed="0" covered="1"/></method><method name="run" desc="()V" line="290"><counter type="INSTRUCTION" missed="0" covered="10"/><counter type="LINE" missed="0" covered="2"/><counter type="COMPLEXITY" missed="0" covered="1"/><counter type="METHOD" missed="0" covered="1"/></method><counter type="INSTRUCTION" missed="0" covered="16"/><counter type="LINE" missed="0" covered="3"/><counter type="COMPLEXITY" missed="0" covered="2"/><counter type="METHOD" missed="0" covered="2"/><counter type="CLASS" missed="0" covered="1"/></class><class name="com/example/tko_chess/FriendsActivity$18" sourcefilename="FriendsActivity.java"><method name="&lt;init&gt;" desc="(Lcom/example/tko_chess/FriendsActivity;)V" line="507"><counter type="INSTRUCTION" missed="0" covered="6"/><counter type="LINE" missed="0" covered="1"/><counter type="COMPLEXITY" missed="0" covered="1"/><counter type="METHOD" missed="0" covered="1"/></method><method name="onResponse" desc="(Lorg/json/JSONObject;)V" line="512"><counter type="INSTRUCTION" missed="11" covered="30"/><counter type="BRANCH" missed="1" covered="1"/><counter type="LINE" missed="3" covered="6"/><counter type="COMPLEXITY" missed="1" covered="1"/><counter type="METHOD" missed="0" covered="1"/></method><counter type="INSTRUCTION" missed="11" covered="36"/><counter type="BRANCH" missed="1" covered="1"/><counter type="LINE" missed="3" covered="7"/><counter type="COMPLEXITY" missed="1" covered="2"/><counter type="METHOD" missed="0" covered="2"/><counter type="CLASS" missed="0" covered="1"/></class><class name="com/example/tko_chess/FriendsActivity$19" sourcefilename="FriendsActivity.java"><method name="&lt;init&gt;" desc="(Lcom/example/tko_chess/FriendsActivity;)V" line="525"><counter type="INSTRUCTION" missed="0" covered="6"/><counter type="LINE" missed="0" covered="1"/><counter type="COMPLEXITY" missed="0" covered="1"/><counter type="METHOD" missed="0" covered="1"/></method><method name="onErrorResponse" desc="(Lcom/android/volley/VolleyError;)V" line="528"><counter type="INSTRUCTION" missed="6" covered="0"/><counter type="LINE" missed="2" covered="0"/><counter type="COMPLEXITY" missed="1" covered="0"/><counter type="METHOD" missed="1" covered="0"/></method><counter type="INSTRUCTION" missed="6" covered="6"/><counter type="LINE" missed="2" covered="1"/><counter type="COMPLEXITY" missed="1" covered="1"/><counter type="METHOD" missed="1" covered="1"/><counter type="CLASS" missed="0" covered="1"/></class><class name="com/example/tko_chess/HostJoinActivity$3$1" sourcefilename="HostJoinActivity.java"><method name="&lt;init&gt;" desc="(Lcom/example/tko_chess/HostJoinActivity$3;)V" line="130"><counter type="INSTRUCTION" missed="6" covered="0"/><counter type="LINE" missed="1" covered="0"/><counter type="COMPLEXITY" missed="1" covered="0"/><counter type="METHOD" missed="1" covered="0"/></method><method name="onResponse" desc="(Ljava/lang/String;)V" line="134"><counter type="INSTRUCTION" missed="46" covered="0"/><counter type="BRANCH" missed="2" covered="0"/><counter type="LINE" missed="9" covered="0"/><counter type="COMPLEXITY" missed="2" covered="0"/><counter type="METHOD" missed="1" covered="0"/></method><counter type="INSTRUCTION" missed="52" covered="0"/><counter type="BRANCH" missed="2" covered="0"/><counter type="LINE" missed="10" covered="0"/><counter type="COMPLEXITY" missed="3" covered="0"/><counter type="METHOD" missed="2" covered="0"/><counter type="CLASS" missed="1" covered="0"/></class><class name="com/example/tko_chess/HostJoinActivity$3$2" sourcefilename="HostJoinActivity.java"><method name="&lt;init&gt;" desc="(Lcom/example/tko_chess/HostJoinActivity$3;)V" line="147"><counter type="INSTRUCTION" missed="6" covered="0"/><counter type="LINE" missed="1" covered="0"/><counter type="COMPLEXITY" missed="1" covered="0"/><counter type="METHOD" missed="1" covered="0"/></method><method name="onErrorResponse" desc="(Lcom/android/volley/VolleyError;)V" line="151"><counter type="INSTRUCTION" missed="7" covered="0"/><counter type="LINE" missed="2" covered="0"/><counter type="COMPLEXITY" missed="1" covered="0"/><counter type="METHOD" missed="1" covered="0"/></method><counter type="INSTRUCTION" missed="13" covered="0"/><counter type="LINE" missed="3" covered="0"/><counter type="COMPLEXITY" missed="2" covered="0"/><counter type="METHOD" missed="2" covered="0"/><counter type="CLASS" missed="1" covered="0"/></class><class name="com/example/tko_chess/MainMenuActivity" sourcefilename="MainMenuActivity.java"><method name="&lt;init&gt;" desc="()V" line="20"><counter type="INSTRUCTION" missed="0" covered="3"/><counter type="LINE" missed="0" covered="1"/><counter type="COMPLEXITY" missed="0" covered="1"/><counter type="METHOD" missed="0" covered="1"/></method><method name="onCreate" desc="(Landroid/os/Bundle;)V" line="70"><counter type="INSTRUCTION" missed="0" covered="85"/><counter type="LINE" missed="0" covered="15"/><counter type="COMPLEXITY" missed="0" covered="1"/><counter type="METHOD" missed="0" covered="1"/></method><counter type="INSTRUCTION" missed="0" covered="88"/><counter type="LINE" missed="0" covered="16"/><counter type="COMPLEXITY" missed="0" covered="2"/><counter type="METHOD" missed="0" covered="2"/><counter type="CLASS" missed="0" covered="1"/></class><class name="com/example/tko_chess/LobbyActivity$19" sourcefilename="LobbyActivity.java"><method name="&lt;init&gt;" desc="(Lcom/example/tko_chess/LobbyActivity;[Ljava/lang/String;)V" line="917"><counter type="INSTRUCTION" missed="0" covered="9"/><counter type="LINE" missed="0" covered="1"/><counter type="COMPLEXITY" missed="0" covered="1"/><counter type="METHOD" missed="0" covered="1"/></method><method name="run" desc="()V" line="920"><counter type="INSTRUCTION" missed="0" covered="60"/><counter type="BRANCH" missed="2" covered="4"/><counter type="LINE" missed="0" covered="11"/><counter type="COMPLEXITY" missed="2" covered="2"/><counter type="METHOD" missed="0" covered="1"/></method><counter type="INSTRUCTION" missed="0" covered="69"/><counter type="BRANCH" missed="2" covered="4"/><counter type="LINE" missed="0" covered="12"/><counter type="COMPLEXITY" missed="2" covered="3"/><counter type="METHOD" missed="0" covered="2"/><counter type="CLASS" missed="0" covered="1"/></class><class name="com/example/tko_chess/LobbyActivity$17" sourcefilename="LobbyActivity.java"><method name="&lt;init&gt;" desc="(Lcom/example/tko_chess/LobbyActivity;[Ljava/lang/String;)V" line="820"><counter type="INSTRUCTION" missed="0" covered="9"/><counter type="LINE" missed="0" covered="1"/><counter type="COMPLEXITY" missed="0" covered="1"/><counter type="METHOD" missed="0" covered="1"/></method><method name="run" desc="()V" line="823"><counter type="INSTRUCTION" missed="0" covered="142"/><counter type="BRANCH" missed="3" covered="17"/><counter type="LINE" missed="0" covered="22"/><counter type="COMPLEXITY" missed="3" covered="8"/><counter type="METHOD" missed="0" covered="1"/></method><counter type="INSTRUCTION" missed="0" covered="151"/><counter type="BRANCH" missed="3" covered="17"/><counter type="LINE" missed="0" covered="23"/><counter type="COMPLEXITY" missed="3" covered="9"/><counter type="METHOD" missed="0" covered="2"/><counter type="CLASS" missed="0" covered="1"/></class><class name="com/example/tko_chess/LobbyActivity$18" sourcefilename="LobbyActivity.java"><method name="&lt;init&gt;" desc="(Lcom/example/tko_chess/LobbyActivity;[Ljava/lang/String;)V" line="883"><counter type="INSTRUCTION" missed="0" covered="9"/><counter type="LINE" missed="0" covered="1"/><counter type="COMPLEXITY" missed="0" covered="1"/><counter type="METHOD" missed="0" covered="1"/></method><method name="run" desc="()V" line="886"><counter type="INSTRUCTION" missed="0" covered="60"/><counter type="BRANCH" missed="2" covered="4"/><counter type="LINE" missed="0" covered="11"/><counter type="COMPLEXITY" missed="2" covered="2"/><counter type="METHOD" missed="0" covered="1"/></method><counter type="INSTRUCTION" missed="0" covered="69"/><counter type="BRANCH" missed="2" covered="4"/><counter type="LINE" missed="0" covered="12"/><counter type="COMPLEXITY" missed="2" covered="3"/><counter type="METHOD" missed="0" covered="2"/><counter type="CLASS" missed="0" covered="1"/></class><class name="com/example/tko_chess/LobbyActivity$15" sourcefilename="LobbyActivity.java"><method name="&lt;init&gt;" desc="(Lcom/example/tko_chess/LobbyActivity;)V" line="790"><counter type="INSTRUCTION" missed="0" covered="6"/><counter type="LINE" missed="0" covered="1"/><counter type="COMPLEXITY" missed="0" covered="1"/><counter type="METHOD" missed="0" covered="1"/></method><method name="run" desc="()V" line="793"><counter type="INSTRUCTION" missed="0" covered="6"/><counter type="LINE" missed="0" covered="2"/><counter type="COMPLEXITY" missed="0" covered="1"/><counter type="METHOD" missed="0" covered="1"/></method><counter type="INSTRUCTION" missed="0" covered="12"/><counter type="LINE" missed="0" covered="3"/><counter type="COMPLEXITY" missed="0" covered="2"/><counter type="METHOD" missed="0" covered="2"/><counter type="CLASS" missed="0" covered="1"/></class><class name="com/example/tko_chess/LobbyActivity$16" sourcefilename="LobbyActivity.java"><method name="&lt;init&gt;" desc="(Lcom/example/tko_chess/LobbyActivity;)V" line="804"><counter type="INSTRUCTION" missed="0" covered="6"/><counter type="LINE" missed="0" covered="1"/><counter type="COMPLEXITY" missed="0" covered="1"/><counter type="METHOD" missed="0" covered="1"/></method><method name="run" desc="()V" line="807"><counter type="INSTRUCTION" missed="0" covered="6"/><counter type="LINE" missed="0" covered="2"/><counter type="COMPLEXITY" missed="0" covered="1"/><counter type="METHOD" missed="0" covered="1"/></method><counter type="INSTRUCTION" missed="0" covered="12"/><counter type="LINE" missed="0" covered="3"/><counter type="COMPLEXITY" missed="0" covered="2"/><counter type="METHOD" missed="0" covered="2"/><counter type="CLASS" missed="0" covered="1"/></class><class name="com/example/tko_chess/LobbyActivity$13" sourcefilename="LobbyActivity.java"><method name="&lt;init&gt;" desc="(Lcom/example/tko_chess/LobbyActivity;)V" line="759"><counter type="INSTRUCTION" missed="6" covered="0"/><counter type="LINE" missed="1" covered="0"/><counter type="COMPLEXITY" missed="1" covered="0"/><counter type="METHOD" missed="1" covered="0"/></method><method name="run" desc="()V" line="762"><counter type="INSTRUCTION" missed="19" covered="0"/><counter type="LINE" missed="4" covered="0"/><counter type="COMPLEXITY" missed="1" covered="0"/><counter type="METHOD" missed="1" covered="0"/></method><counter type="INSTRUCTION" missed="25" covered="0"/><counter type="LINE" missed="5" covered="0"/><counter type="COMPLEXITY" missed="2" covered="0"/><counter type="METHOD" missed="2" covered="0"/><counter type="CLASS" missed="1" covered="0"/></class><class name="com/example/tko_chess/LobbyActivity$14" sourcefilename="LobbyActivity.java"><method name="&lt;init&gt;" desc="(Lcom/example/tko_chess/LobbyActivity;)V" line="775"><counter type="INSTRUCTION" missed="0" covered="6"/><counter type="LINE" missed="0" covered="1"/><counter type="COMPLEXITY" missed="0" covered="1"/><counter type="METHOD" missed="0" covered="1"/></method><method name="run" desc="()V" line="778"><counter type="INSTRUCTION" missed="0" covered="19"/><counter type="LINE" missed="0" covered="4"/><counter type="COMPLEXITY" missed="0" covered="1"/><counter type="METHOD" missed="0" covered="1"/></method><counter type="INSTRUCTION" missed="0" covered="25"/><counter type="LINE" missed="0" covered="5"/><counter type="COMPLEXITY" missed="0" covered="2"/><counter type="METHOD" missed="0" covered="2"/><counter type="CLASS" missed="0" covered="1"/></class><class name="com/example/tko_chess/LobbyActivity$11" sourcefilename="LobbyActivity.java"><method name="&lt;init&gt;" desc="(Lcom/example/tko_chess/LobbyActivity;)V" line="689"><counter type="INSTRUCTION" missed="6" covered="0"/><counter type="LINE" missed="1" covered="0"/><counter type="COMPLEXITY" missed="1" covered="0"/><counter type="METHOD" missed="1" covered="0"/></method><method name="run" desc="()V" line="692"><counter type="INSTRUCTION" missed="81" covered="0"/><counter type="LINE" missed="17" covered="0"/><counter type="COMPLEXITY" missed="1" covered="0"/><counter type="METHOD" missed="1" covered="0"/></method><counter type="INSTRUCTION" missed="87" covered="0"/><counter type="LINE" missed="18" covered="0"/><counter type="COMPLEXITY" missed="2" covered="0"/><counter type="METHOD" missed="2" covered="0"/><counter type="CLASS" missed="1" covered="0"/></class><class name="com/example/tko_chess/LobbyActivity$12" sourcefilename="LobbyActivity.java"><method name="&lt;init&gt;" desc="(Lcom/example/tko_chess/LobbyActivity;Ljava/lang/String;)V" line="721"><counter type="INSTRUCTION" missed="9" covered="0"/><counter type="LINE" missed="1" covered="0"/><counter type="COMPLEXITY" missed="1" covered="0"/><counter type="METHOD" missed="1" covered="0"/></method><method name="run" desc="()V" line="724"><counter type="INSTRUCTION" missed="47" covered="0"/><counter type="BRANCH" missed="4" covered="0"/><counter type="LINE" missed="10" covered="0"/><counter type="COMPLEXITY" missed="3" covered="0"/><counter type="METHOD" missed="1" covered="0"/></method><counter type="INSTRUCTION" missed="56" covered="0"/><counter type="BRANCH" missed="4" covered="0"/><counter type="LINE" missed="11" covered="0"/><counter type="COMPLEXITY" missed="4" covered="0"/><counter type="METHOD" missed="2" covered="0"/><counter type="CLASS" missed="1" covered="0"/></class><class name="com/example/tko_chess/LobbyActivity$10" sourcefilename="LobbyActivity.java"><method name="&lt;init&gt;" desc="(Lcom/example/tko_chess/LobbyActivity;)V" line="639"><counter type="INSTRUCTION" missed="0" covered="6"/><counter type="LINE" missed="0" covered="1"/><counter type="COMPLEXITY" missed="0" covered="1"/><counter type="METHOD" missed="0" covered="1"/></method><method name="run" desc="()V" line="643"><counter type="INSTRUCTION" missed="50" covered="75"/><counter type="BRANCH" missed="1" covered="7"/><counter type="LINE" missed="10" covered="14"/><counter type="COMPLEXITY" missed="1" covered="4"/><counter type="METHOD" missed="0" covered="1"/></method><counter type="INSTRUCTION" missed="50" covered="81"/><counter type="BRANCH" missed="1" covered="7"/><counter type="LINE" missed="10" covered="15"/><counter type="COMPLEXITY" missed="1" covered="5"/><counter type="METHOD" missed="0" covered="2"/><counter type="CLASS" missed="0" covered="1"/></class><class name="com/example/tko_chess/FriendsActivity" sourcefilename="FriendsActivity.java"><method name="&lt;init&gt;" desc="()V" line="33"><counter type="INSTRUCTION" missed="0" covered="15"/><counter type="LINE" missed="0" covered="5"/><counter type="COMPLEXITY" missed="0" covered="1"/><counter type="METHOD" missed="0" covered="1"/></method><method name="onCreate" desc="(Landroid/os/Bundle;)V" line="118"><counter type="INSTRUCTION" missed="0" covered="106"/><counter type="LINE" missed="0" covered="19"/><counter type="COMPLEXITY" missed="0" covered="1"/><counter type="METHOD" missed="0" covered="1"/></method><method name="sendRequest" desc="()V" line="210"><counter type="INSTRUCTION" missed="0" covered="34"/><counter type="LINE" missed="0" covered="5"/><counter type="COMPLEXITY" missed="0" covered="1"/><counter type="METHOD" missed="0" covered="1"/></method><method name="displayPendingFriendReq" desc="(Lorg/json/JSONArray;)V" line="260"><counter type="INSTRUCTION" missed="6" covered="67"/><counter type="BRANCH" missed="0" covered="2"/><counter type="LINE" missed="2" covered="14"/><counter type="COMPLEXITY" missed="0" covered="2"/><counter type="METHOD" missed="0" covered="1"/></method><method name="acceptFriendReq" desc="()V" line="312"><counter type="INSTRUCTION" missed="0" covered="34"/><counter type="LINE" missed="0" covered="5"/><counter type="COMPLEXITY" missed="0" covered="1"/><counter type="METHOD" missed="0" covered="1"/></method><method name="denyFriendReq" desc="()V" line="349"><counter type="INSTRUCTION" missed="0" covered="34"/><counter type="LINE" missed="0" covered="5"/><counter type="COMPLEXITY" missed="0" covered="1"/><counter type="METHOD" missed="0" covered="1"/></method><method name="displaySentFriendReq" desc="(Lorg/json/JSONArray;)V" line="387"><counter type="INSTRUCTION" missed="6" covered="55"/><counter type="BRANCH" missed="0" covered="2"/><counter type="LINE" missed="2" covered="12"/><counter type="COMPLEXITY" missed="0" covered="2"/><counter type="METHOD" missed="0" covered="1"/></method><method name="cancelFriendReq" desc="()V" line="428"><counter type="INSTRUCTION" missed="0" covered="34"/><counter type="LINE" missed="0" covered="5"/><counter type="COMPLEXITY" missed="0" covered="1"/><counter type="METHOD" missed="0" covered="1"/></method><method name="displayFriendsList" desc="(Lorg/json/JSONArray;)V" line="464"><counter type="INSTRUCTION" missed="6" covered="55"/><counter type="BRANCH" missed="0" covered="2"/><counter type="LINE" missed="2" covered="12"/><counter type="COMPLEXITY" missed="0" covered="2"/><counter type="METHOD" missed="0" covered="1"/></method><method name="removeFriend" desc="()V" line="506"><counter type="INSTRUCTION" missed="0" covered="34"/><counter type="LINE" missed="0" covered="5"/><counter type="COMPLEXITY" missed="0" covered="1"/><counter type="METHOD" missed="0" covered="1"/></method><counter type="INSTRUCTION" missed="18" covered="468"/><counter type="BRANCH" missed="0" covered="6"/><counter type="LINE" missed="6" covered="87"/><counter type="COMPLEXITY" missed="0" covered="13"/><counter type="METHOD" missed="0" covered="10"/><counter type="CLASS" missed="0" covered="1"/></class><class name="com/example/tko_chess/ProfileActivity$3" sourcefilename="ProfileActivity.java"><method name="&lt;init&gt;" desc="(Lcom/example/tko_chess/ProfileActivity;)V" line="98"><counter type="INSTRUCTION" missed="0" covered="6"/><counter type="LINE" missed="0" covered="1"/><counter type="COMPLEXITY" missed="0" covered="1"/><counter type="METHOD" missed="0" covered="1"/></method><method name="onResponse" desc="(Ljava/lang/String;)V" line="101"><counter type="INSTRUCTION" missed="0" covered="100"/><counter type="BRANCH" missed="1" covered="5"/><counter type="LINE" missed="0" covered="12"/><counter type="COMPLEXITY" missed="1" covered="4"/><counter type="METHOD" missed="0" covered="1"/></method><counter type="INSTRUCTION" missed="0" covered="106"/><counter type="BRANCH" missed="1" covered="5"/><counter type="LINE" missed="0" covered="13"/><counter type="COMPLEXITY" missed="1" covered="5"/><counter type="METHOD" missed="0" covered="2"/><counter type="CLASS" missed="0" covered="1"/></class><class name="com/example/tko_chess/ProfileActivity$4" sourcefilename="ProfileActivity.java"><method name="&lt;init&gt;" desc="(Lcom/example/tko_chess/ProfileActivity;)V" line="121"><counter type="INSTRUCTION" missed="0" covered="6"/><counter type="LINE" missed="0" covered="1"/><counter type="COMPLEXITY" missed="0" covered="1"/><counter type="METHOD" missed="0" covered="1"/></method><method name="onErrorResponse" desc="(Lcom/android/volley/VolleyError;)V" line="125"><counter type="INSTRUCTION" missed="1" covered="0"/><counter type="LINE" missed="1" covered="0"/><counter type="COMPLEXITY" missed="1" covered="0"/><counter type="METHOD" missed="1" covered="0"/></method><counter type="INSTRUCTION" missed="1" covered="6"/><counter type="LINE" missed="1" covered="1"/><counter type="COMPLEXITY" missed="1" covered="1"/><counter type="METHOD" missed="1" covered="1"/><counter type="CLASS" missed="0" covered="1"/></class><class name="com/example/tko_chess/ProfileActivity$1" sourcefilename="ProfileActivity.java"><method name="&lt;init&gt;" desc="(Lcom/example/tko_chess/ProfileActivity;)V" line="61"><counter type="INSTRUCTION" missed="0" covered="6"/><counter type="LINE" missed="0" covered="1"/><counter type="COMPLEXITY" missed="0" covered="1"/><counter type="METHOD" missed="0" covered="1"/></method><method name="onClick" desc="(Landroid/view/View;)V" line="68"><counter type="INSTRUCTION" missed="12" covered="0"/><counter type="LINE" missed="3" covered="0"/><counter type="COMPLEXITY" missed="1" covered="0"/><counter type="METHOD" missed="1" covered="0"/></method><counter type="INSTRUCTION" missed="12" covered="6"/><counter type="LINE" missed="3" covered="1"/><counter type="COMPLEXITY" missed="1" covered="1"/><counter type="METHOD" missed="1" covered="1"/><counter type="CLASS" missed="0" covered="1"/></class><class name="com/example/tko_chess/ProfileActivity$2" sourcefilename="ProfileActivity.java"><method name="&lt;init&gt;" desc="(Lcom/example/tko_chess/ProfileActivity;)V" line="73"><counter type="INSTRUCTION" missed="0" covered="6"/><counter type="LINE" missed="0" covered="1"/><counter type="COMPLEXITY" missed="0" covered="1"/><counter type="METHOD" missed="0" covered="1"/></method><method name="onClick" desc="(Landroid/view/View;)V" line="80"><counter type="INSTRUCTION" missed="0" covered="12"/><counter type="LINE" missed="0" covered="3"/><counter type="COMPLEXITY" missed="0" covered="1"/><counter type="METHOD" missed="0" covered="1"/></method><counter type="INSTRUCTION" missed="0" covered="18"/><counter type="LINE" missed="0" covered="4"/><counter type="COMPLEXITY" missed="0" covered="2"/><counter type="METHOD" missed="0" covered="2"/><counter type="CLASS" missed="0" covered="1"/></class><class name="com/example/tko_chess/ChessActivity$75$4" sourcefilename="ChessActivity.java"><method name="&lt;init&gt;" desc="(Lcom/example/tko_chess/ChessActivity$75;)V" line="4601"><counter type="INSTRUCTION" missed="6" covered="0"/><counter type="LINE" missed="1" covered="0"/><counter type="COMPLEXITY" missed="1" covered="0"/><counter type="METHOD" missed="1" covered="0"/></method><method name="onClick" desc="(Landroid/view/View;)V" line="4604"><counter type="INSTRUCTION" missed="34" covered="0"/><counter type="LINE" missed="4" covered="0"/><counter type="COMPLEXITY" missed="1" covered="0"/><counter type="METHOD" missed="1" covered="0"/></method><counter type="INSTRUCTION" missed="40" covered="0"/><counter type="LINE" missed="5" covered="0"/><counter type="COMPLEXITY" missed="2" covered="0"/><counter type="METHOD" missed="2" covered="0"/><counter type="CLASS" missed="1" covered="0"/></class><class name="com/example/tko_chess/LobbyActivity$6" sourcefilename="LobbyActivity.java"><method name="&lt;init&gt;" desc="(Lcom/example/tko_chess/LobbyActivity;)V" line="562"><counter type="INSTRUCTION" missed="0" covered="6"/><counter type="LINE" missed="0" covered="1"/><counter type="COMPLEXITY" missed="0" covered="1"/><counter type="METHOD" missed="0" covered="1"/></method><method name="onClick" desc="(Landroid/view/View;)V" line="566"><counter type="INSTRUCTION" missed="0" covered="13"/><counter type="BRANCH" missed="1" covered="1"/><counter type="LINE" missed="0" covered="4"/><counter type="COMPLEXITY" missed="1" covered="1"/><counter type="METHOD" missed="0" covered="1"/></method><counter type="INSTRUCTION" missed="0" covered="19"/><counter type="BRANCH" missed="1" covered="1"/><counter type="LINE" missed="0" covered="5"/><counter type="COMPLEXITY" missed="1" covered="2"/><counter type="METHOD" missed="0" covered="2"/><counter type="CLASS" missed="0" covered="1"/></class><class name="com/example/tko_chess/ChessActivity$75$5" sourcefilename="ChessActivity.java"><method name="&lt;init&gt;" desc="(Lcom/example/tko_chess/ChessActivity$75;)V" line="4616"><counter type="INSTRUCTION" missed="6" covered="0"/><counter type="LINE" missed="1" covered="0"/><counter type="COMPLEXITY" missed="1" covered="0"/><counter type="METHOD" missed="1" covered="0"/></method><method name="onClick" desc="(Landroid/view/View;)V" line="4619"><counter type="INSTRUCTION" missed="34" covered="0"/><counter type="LINE" missed="4" covered="0"/><counter type="COMPLEXITY" missed="1" covered="0"/><counter type="METHOD" missed="1" covered="0"/></method><counter type="INSTRUCTION" missed="40" covered="0"/><counter type="LINE" missed="5" covered="0"/><counter type="COMPLEXITY" missed="2" covered="0"/><counter type="METHOD" missed="2" covered="0"/><counter type="CLASS" missed="1" covered="0"/></class><class name="com/example/tko_chess/LobbyActivity$7" sourcefilename="LobbyActivity.java"><method name="&lt;init&gt;" desc="(Lcom/example/tko_chess/LobbyActivity;)V" line="580"><counter type="INSTRUCTION" missed="0" covered="6"/><counter type="LINE" missed="0" covered="1"/><counter type="COMPLEXITY" missed="0" covered="1"/><counter type="METHOD" missed="0" covered="1"/></method><method name="onClick" desc="(Landroid/view/View;)V" line="584"><counter type="INSTRUCTION" missed="0" covered="13"/><counter type="BRANCH" missed="1" covered="1"/><counter type="LINE" missed="0" covered="4"/><counter type="COMPLEXITY" missed="1" covered="1"/><counter type="METHOD" missed="0" covered="1"/></method><counter type="INSTRUCTION" missed="0" covered="19"/><counter type="BRANCH" missed="1" covered="1"/><counter type="LINE" missed="0" covered="5"/><counter type="COMPLEXITY" missed="1" covered="2"/><counter type="METHOD" missed="0" covered="2"/><counter type="CLASS" missed="0" covered="1"/></class><class name="com/example/tko_chess/ChessActivity$75$6" sourcefilename="ChessActivity.java"><method name="&lt;init&gt;" desc="(Lcom/example/tko_chess/ChessActivity$75;)V" line="4624"><counter type="INSTRUCTION" missed="6" covered="0"/><counter type="LINE" missed="1" covered="0"/><counter type="COMPLEXITY" missed="1" covered="0"/><counter type="METHOD" missed="1" covered="0"/></method><method name="onClick" desc="(Landroid/view/View;)V" line="4627"><counter type="INSTRUCTION" missed="34" covered="0"/><counter type="LINE" missed="4" covered="0"/><counter type="COMPLEXITY" missed="1" covered="0"/><counter type="METHOD" missed="1" covered="0"/></method><counter type="INSTRUCTION" missed="40" covered="0"/><counter type="LINE" missed="5" covered="0"/><counter type="COMPLEXITY" missed="2" covered="0"/><counter type="METHOD" missed="2" covered="0"/><counter type="CLASS" missed="1" covered="0"/></class><class name="com/example/tko_chess/LobbyActivity$4" sourcefilename="LobbyActivity.java"><method name="&lt;init&gt;" desc="(Lcom/example/tko_chess/LobbyActivity;)V" line="526"><counter type="INSTRUCTION" missed="0" covered="6"/><counter type="LINE" missed="0" covered="1"/><counter type="COMPLEXITY" missed="0" covered="1"/><counter type="METHOD" missed="0" covered="1"/></method><method name="onClick" desc="(Landroid/view/View;)V" line="530"><counter type="INSTRUCTION" missed="0" covered="18"/><counter type="BRANCH" missed="1" covered="1"/><counter type="LINE" missed="0" covered="4"/><counter type="COMPLEXITY" missed="1" covered="1"/><counter type="METHOD" missed="0" covered="1"/></method><counter type="INSTRUCTION" missed="0" covered="24"/><counter type="BRANCH" missed="1" covered="1"/><counter type="LINE" missed="0" covered="5"/><counter type="COMPLEXITY" missed="1" covered="2"/><counter type="METHOD" missed="0" covered="2"/><counter type="CLASS" missed="0" covered="1"/></class><class name="com/example/tko_chess/ChessActivity$75$7" sourcefilename="ChessActivity.java"><method name="&lt;init&gt;" desc="(Lcom/example/tko_chess/ChessActivity$75;)V" line="4632"><counter type="INSTRUCTION" missed="6" covered="0"/><counter type="LINE" missed="1" covered="0"/><counter type="COMPLEXITY" missed="1" covered="0"/><counter type="METHOD" missed="1" covered="0"/></method><method name="onClick" desc="(Landroid/view/View;)V" line="4635"><counter type="INSTRUCTION" missed="34" covered="0"/><counter type="LINE" missed="4" covered="0"/><counter type="COMPLEXITY" missed="1" covered="0"/><counter type="METHOD" missed="1" covered="0"/></method><counter type="INSTRUCTION" missed="40" covered="0"/><counter type="LINE" missed="5" covered="0"/><counter type="COMPLEXITY" missed="2" covered="0"/><counter type="METHOD" missed="2" covered="0"/><counter type="CLASS" missed="1" covered="0"/></class><class name="com/example/tko_chess/LobbyActivity$5" sourcefilename="LobbyActivity.java"><method name="&lt;init&gt;" desc="(Lcom/example/tko_chess/LobbyActivity;)V" line="544"><counter type="INSTRUCTION" missed="0" covered="6"/><counter type="LINE" missed="0" covered="1"/><counter type="COMPLEXITY" missed="0" covered="1"/><counter type="METHOD" missed="0" covered="1"/></method><method name="onClick" desc="(Landroid/view/View;)V" line="548"><counter type="INSTRUCTION" missed="0" covered="15"/><counter type="BRANCH" missed="1" covered="1"/><counter type="LINE" missed="0" covered="4"/><counter type="COMPLEXITY" missed="1" covered="1"/><counter type="METHOD" missed="0" covered="1"/></method><counter type="INSTRUCTION" missed="0" covered="21"/><counter type="BRANCH" missed="1" covered="1"/><counter type="LINE" missed="0" covered="5"/><counter type="COMPLEXITY" missed="1" covered="2"/><counter type="METHOD" missed="0" covered="2"/><counter type="CLASS" missed="0" covered="1"/></class><class name="com/example/tko_chess/SettingsActvity" sourcefilename="SettingsActvity.java"><method name="&lt;init&gt;" desc="()V" line="35"><counter type="INSTRUCTION" missed="15" covered="0"/><counter type="LINE" missed="5" covered="0"/><counter type="COMPLEXITY" missed="1" covered="0"/><counter type="METHOD" missed="1" covered="0"/></method><method name="onCreate" desc="(Landroid/os/Bundle;)V" line="77"><counter type="INSTRUCTION" missed="42" covered="0"/><counter type="BRANCH" missed="2" covered="0"/><counter type="LINE" missed="9" covered="0"/><counter type="COMPLEXITY" missed="2" covered="0"/><counter type="METHOD" missed="1" covered="0"/></method><method name="getUsers" desc="()V" line="104"><counter type="INSTRUCTION" missed="25" covered="0"/><counter type="LINE" missed="5" covered="0"/><counter type="COMPLEXITY" missed="1" covered="0"/><counter type="METHOD" missed="1" covered="0"/></method><method name="displayUsers" desc="(Ljava/lang/String;)V" line="129"><counter type="INSTRUCTION" missed="55" covered="0"/><counter type="BRANCH" missed="2" covered="0"/><counter type="LINE" missed="11" covered="0"/><counter type="COMPLEXITY" missed="2" covered="0"/><counter type="METHOD" missed="1" covered="0"/></method><method name="deleteUser" desc="()V" line="161"><counter type="INSTRUCTION" missed="33" covered="0"/><counter type="LINE" missed="5" covered="0"/><counter type="COMPLEXITY" missed="1" covered="0"/><counter type="METHOD" missed="1" covered="0"/></method><method name="waitTime" desc="(D)V" line="191"><counter type="INSTRUCTION" missed="16" covered="0"/><counter type="LINE" missed="6" covered="0"/><counter type="COMPLEXITY" missed="1" covered="0"/><counter type="METHOD" missed="1" covered="0"/></method><counter type="INSTRUCTION" missed="186" covered="0"/><counter type="BRANCH" missed="4" covered="0"/><counter type="LINE" missed="41" covered="0"/><counter type="COMPLEXITY" missed="8" covered="0"/><counter type="METHOD" missed="6" covered="0"/><counter type="CLASS" missed="1" covered="0"/></class><class name="com/example/tko_chess/LobbyActivity$2" sourcefilename="LobbyActivity.java"><method name="&lt;init&gt;" desc="(Lcom/example/tko_chess/LobbyActivity;)V" line="477"><counter type="INSTRUCTION" missed="0" covered="6"/><counter type="LINE" missed="0" covered="1"/><counter type="COMPLEXITY" missed="0" covered="1"/><counter type="METHOD" missed="0" covered="1"/></method><method name="onClick" desc="(Landroid/view/View;)V" line="481"><counter type="INSTRUCTION" missed="0" covered="11"/><counter type="LINE" missed="0" covered="3"/><counter type="COMPLEXITY" missed="0" covered="1"/><counter type="METHOD" missed="0" covered="1"/></method><counter type="INSTRUCTION" missed="0" covered="17"/><counter type="LINE" missed="0" covered="4"/><counter type="COMPLEXITY" missed="0" covered="2"/><counter type="METHOD" missed="0" covered="2"/><counter type="CLASS" missed="0" covered="1"/></class><class name="com/example/tko_chess/ChessActivity$75$1" sourcefilename="ChessActivity.java"><method name="&lt;init&gt;" desc="(Lcom/example/tko_chess/ChessActivity$75;)V" line="4577"><counter type="INSTRUCTION" missed="6" covered="0"/><counter type="LINE" missed="1" covered="0"/><counter type="COMPLEXITY" missed="1" covered="0"/><counter type="METHOD" missed="1" covered="0"/></method><method name="onClick" desc="(Landroid/view/View;)V" line="4580"><counter type="INSTRUCTION" missed="34" covered="0"/><counter type="LINE" missed="4" covered="0"/><counter type="COMPLEXITY" missed="1" covered="0"/><counter type="METHOD" missed="1" covered="0"/></method><counter type="INSTRUCTION" missed="40" covered="0"/><counter type="LINE" missed="5" covered="0"/><counter type="COMPLEXITY" missed="2" covered="0"/><counter type="METHOD" missed="2" covered="0"/><counter type="CLASS" missed="1" covered="0"/></class><class name="com/example/tko_chess/LobbyActivity$3" sourcefilename="LobbyActivity.java"><method name="&lt;init&gt;" desc="(Lcom/example/tko_chess/LobbyActivity;)V" line="508"><counter type="INSTRUCTION" missed="0" covered="6"/><counter type="LINE" missed="0" covered="1"/><counter type="COMPLEXITY" missed="0" covered="1"/><counter type="METHOD" missed="0" covered="1"/></method><method name="onClick" desc="(Landroid/view/View;)V" line="512"><counter type="INSTRUCTION" missed="0" covered="18"/><counter type="BRANCH" missed="1" covered="1"/><counter type="LINE" missed="0" covered="4"/><counter type="COMPLEXITY" missed="1" covered="1"/><counter type="METHOD" missed="0" covered="1"/></method><counter type="INSTRUCTION" missed="0" covered="24"/><counter type="BRANCH" missed="1" covered="1"/><counter type="LINE" missed="0" covered="5"/><counter type="COMPLEXITY" missed="1" covered="2"/><counter type="METHOD" missed="0" covered="2"/><counter type="CLASS" missed="0" covered="1"/></class><class name="com/example/tko_chess/ChessActivity$75$2" sourcefilename="ChessActivity.java"><method name="&lt;init&gt;" desc="(Lcom/example/tko_chess/ChessActivity$75;)V" line="4585"><counter type="INSTRUCTION" missed="6" covered="0"/><counter type="LINE" missed="1" covered="0"/><counter type="COMPLEXITY" missed="1" covered="0"/><counter type="METHOD" missed="1" covered="0"/></method><method name="onClick" desc="(Landroid/view/View;)V" line="4588"><counter type="INSTRUCTION" missed="34" covered="0"/><counter type="LINE" missed="4" covered="0"/><counter type="COMPLEXITY" missed="1" covered="0"/><counter type="METHOD" missed="1" covered="0"/></method><counter type="INSTRUCTION" missed="40" covered="0"/><counter type="LINE" missed="5" covered="0"/><counter type="COMPLEXITY" missed="2" covered="0"/><counter type="METHOD" missed="2" covered="0"/><counter type="CLASS" missed="1" covered="0"/></class><class name="com/example/tko_chess/ChessActivity$75$3" sourcefilename="ChessActivity.java"><method name="&lt;init&gt;" desc="(Lcom/example/tko_chess/ChessActivity$75;)V" line="4593"><counter type="INSTRUCTION" missed="6" covered="0"/><counter type="LINE" missed="1" covered="0"/><counter type="COMPLEXITY" missed="1" covered="0"/><counter type="METHOD" missed="1" covered="0"/></method><method name="onClick" desc="(Landroid/view/View;)V" line="4596"><counter type="INSTRUCTION" missed="34" covered="0"/><counter type="LINE" missed="4" covered="0"/><counter type="COMPLEXITY" missed="1" covered="0"/><counter type="METHOD" missed="1" covered="0"/></method><counter type="INSTRUCTION" missed="40" covered="0"/><counter type="LINE" missed="5" covered="0"/><counter type="COMPLEXITY" missed="2" covered="0"/><counter type="METHOD" missed="2" covered="0"/><counter type="CLASS" missed="1" covered="0"/></class><class name="com/example/tko_chess/LobbyActivity$1" sourcefilename="LobbyActivity.java"><method name="&lt;init&gt;" desc="(Lcom/example/tko_chess/LobbyActivity;Ljava/net/URI;Lorg/java_websocket/drafts/Draft;)V" line="255"><counter type="INSTRUCTION" missed="0" covered="8"/><counter type="LINE" missed="0" covered="1"/><counter type="COMPLEXITY" missed="0" covered="1"/><counter type="METHOD" missed="0" covered="1"/></method><method name="onOpen" desc="(Lorg/java_websocket/handshake/ServerHandshake;)V" line="258"><counter type="INSTRUCTION" missed="0" covered="8"/><counter type="LINE" missed="0" covered="3"/><counter type="COMPLEXITY" missed="0" covered="1"/><counter type="METHOD" missed="0" covered="1"/></method><method name="onMessage" desc="(Ljava/lang/String;)V" line="264"><counter type="INSTRUCTION" missed="185" covered="94"/><counter type="BRANCH" missed="13" covered="5"/><counter type="LINE" missed="39" covered="24"/><counter type="COMPLEXITY" missed="10" covered="5"/><counter type="METHOD" missed="0" covered="1"/></method><method name="onClose" desc="(ILjava/lang/String;Z)V" line="452"><counter type="INSTRUCTION" missed="0" covered="15"/><counter type="LINE" missed="0" covered="3"/><counter type="COMPLEXITY" missed="0" covered="1"/><counter type="METHOD" missed="0" covered="1"/></method><method name="onError" desc="(Ljava/lang/Exception;)V" line="458"><counter type="INSTRUCTION" missed="12" covered="0"/><counter type="LINE" missed="3" covered="0"/><counter type="COMPLEXITY" missed="1" covered="0"/><counter type="METHOD" missed="1" covered="0"/></method><counter type="INSTRUCTION" missed="197" covered="125"/><counter type="BRANCH" missed="13" covered="5"/><counter type="LINE" missed="42" covered="31"/><counter type="COMPLEXITY" missed="11" covered="8"/><counter type="METHOD" missed="1" covered="4"/><counter type="CLASS" missed="0" covered="1"/></class><class name="com/example/tko_chess/ChessActivity$75$8" sourcefilename="ChessActivity.java"><method name="&lt;init&gt;" desc="(Lcom/example/tko_chess/ChessActivity$75;)V" line="4640"><counter type="INSTRUCTION" missed="6" covered="0"/><counter type="LINE" missed="1" covered="0"/><counter type="COMPLEXITY" missed="1" covered="0"/><counter type="METHOD" missed="1" covered="0"/></method><method name="onClick" desc="(Landroid/view/View;)V" line="4643"><counter type="INSTRUCTION" missed="34" covered="0"/><counter type="LINE" missed="4" covered="0"/><counter type="COMPLEXITY" missed="1" covered="0"/><counter type="METHOD" missed="1" covered="0"/></method><counter type="INSTRUCTION" missed="40" covered="0"/><counter type="LINE" missed="5" covered="0"/><counter type="COMPLEXITY" missed="2" covered="0"/><counter type="METHOD" missed="2" covered="0"/><counter type="CLASS" missed="1" covered="0"/></class><class name="com/example/tko_chess/LobbyActivity$2$1" sourcefilename="LobbyActivity.java"><method name="&lt;init&gt;" desc="(Lcom/example/tko_chess/LobbyActivity$2;)V" line="483"><counter type="INSTRUCTION" missed="0" covered="6"/><counter type="LINE" missed="0" covered="1"/><counter type="COMPLEXITY" missed="0" covered="1"/><counter type="METHOD" missed="0" covered="1"/></method><method name="run" desc="()V" line="487"><counter type="INSTRUCTION" missed="12" covered="34"/><counter type="BRANCH" missed="3" covered="1"/><counter type="LINE" missed="1" covered="6"/><counter type="COMPLEXITY" missed="2" covered="1"/><counter type="METHOD" missed="0" covered="1"/></method><counter type="INSTRUCTION" missed="12" covered="40"/><counter type="BRANCH" missed="3" covered="1"/><counter type="LINE" missed="1" covered="7"/><counter type="COMPLEXITY" missed="2" covered="2"/><counter type="METHOD" missed="0" covered="2"/><counter type="CLASS" missed="0" covered="1"/></class><class name="com/example/tko_chess/LobbyActivity$8" sourcefilename="LobbyActivity.java"><method name="&lt;init&gt;" desc="(Lcom/example/tko_chess/LobbyActivity;)V" line="598"><counter type="INSTRUCTION" missed="0" covered="6"/><counter type="LINE" missed="0" covered="1"/><counter type="COMPLEXITY" missed="0" covered="1"/><counter type="METHOD" missed="0" covered="1"/></method><method name="onClick" desc="(Landroid/view/View;)V" line="602"><counter type="INSTRUCTION" missed="22" covered="0"/><counter type="BRANCH" missed="2" covered="0"/><counter type="LINE" missed="4" covered="0"/><counter type="COMPLEXITY" missed="2" covered="0"/><counter type="METHOD" missed="1" covered="0"/></method><counter type="INSTRUCTION" missed="22" covered="6"/><counter type="BRANCH" missed="2" covered="0"/><counter type="LINE" missed="4" covered="1"/><counter type="COMPLEXITY" missed="2" covered="1"/><counter type="METHOD" missed="1" covered="1"/><counter type="CLASS" missed="0" covered="1"/></class><class name="com/example/tko_chess/LobbyActivity$9" sourcefilename="LobbyActivity.java"><method name="&lt;init&gt;" desc="(Lcom/example/tko_chess/LobbyActivity;)V" line="622"><counter type="INSTRUCTION" missed="0" covered="6"/><counter type="LINE" missed="0" covered="1"/><counter type="COMPLEXITY" missed="0" covered="1"/><counter type="METHOD" missed="0" covered="1"/></method><method name="run" desc="()V" line="626"><counter type="INSTRUCTION" missed="0" covered="16"/><counter type="LINE" missed="0" covered="4"/><counter type="COMPLEXITY" missed="0" covered="1"/><counter type="METHOD" missed="0" covered="1"/></method><counter type="INSTRUCTION" missed="0" covered="22"/><counter type="LINE" missed="0" covered="5"/><counter type="COMPLEXITY" missed="0" covered="2"/><counter type="METHOD" missed="0" covered="2"/><counter type="CLASS" missed="0" covered="1"/></class><class name="com/example/tko_chess/SingletonUser$2" sourcefilename="SingletonUser.java"><method name="&lt;init&gt;" desc="(Lcom/example/tko_chess/SingletonUser;)V" line="76"><counter type="INSTRUCTION" missed="0" covered="6"/><counter type="LINE" missed="0" covered="1"/><counter type="COMPLEXITY" missed="0" covered="1"/><counter type="METHOD" missed="0" covered="1"/></method><method name="onErrorResponse" desc="(Lcom/android/volley/VolleyError;)V" line="79"><counter type="INSTRUCTION" missed="5" covered="0"/><counter type="LINE" missed="2" covered="0"/><counter type="COMPLEXITY" missed="1" covered="0"/><counter type="METHOD" missed="1" covered="0"/></method><counter type="INSTRUCTION" missed="5" covered="6"/><counter type="LINE" missed="2" covered="1"/><counter type="COMPLEXITY" missed="1" covered="1"/><counter type="METHOD" missed="1" covered="1"/><counter type="CLASS" missed="0" covered="1"/></class><class name="com/example/tko_chess/SingletonUser$1" sourcefilename="SingletonUser.java"><method name="&lt;init&gt;" desc="(Lcom/example/tko_chess/SingletonUser;)V" line="71"><counter type="INSTRUCTION" missed="0" covered="6"/><counter type="LINE" missed="0" covered="1"/><counter type="COMPLEXITY" missed="0" covered="1"/><counter type="METHOD" missed="0" covered="1"/></method><method name="onResponse" desc="(Lorg/json/JSONObject;)V" line="74"><counter type="INSTRUCTION" missed="0" covered="3"/><counter type="LINE" missed="0" covered="2"/><counter type="COMPLEXITY" missed="0" covered="1"/><counter type="METHOD" missed="0" covered="1"/></method><counter type="INSTRUCTION" missed="0" covered="9"/><counter type="LINE" missed="0" covered="3"/><counter type="COMPLEXITY" missed="0" covered="2"/><counter type="METHOD" missed="0" covered="2"/><counter type="CLASS" missed="0" covered="1"/></class><class name="com/example/tko_chess/BoxingActivity$6$1" sourcefilename="BoxingActivity.java"><method name="&lt;init&gt;" desc="(Lcom/example/tko_chess/BoxingActivity$6;)V" line="855"><counter type="INSTRUCTION" missed="6" covered="0"/><counter type="LINE" missed="1" covered="0"/><counter type="COMPLEXITY" missed="1" covered="0"/><counter type="METHOD" missed="1" covered="0"/></method><method name="onClick" desc="(Landroid/view/View;)V" line="859"><counter type="INSTRUCTION" missed="39" covered="0"/><counter type="BRANCH" missed="4" covered="0"/><counter type="LINE" missed="6" covered="0"/><counter type="COMPLEXITY" missed="3" covered="0"/><counter type="METHOD" missed="1" covered="0"/></method><counter type="INSTRUCTION" missed="45" covered="0"/><counter type="BRANCH" missed="4" covered="0"/><counter type="LINE" missed="7" covered="0"/><counter type="COMPLEXITY" missed="4" covered="0"/><counter type="METHOD" missed="2" covered="0"/><counter type="CLASS" missed="1" covered="0"/></class><class name="com/example/tko_chess/BoxingActivity$6$2" sourcefilename="BoxingActivity.java"><method name="&lt;init&gt;" desc="(Lcom/example/tko_chess/BoxingActivity$6;)V" line="872"><counter type="INSTRUCTION" missed="6" covered="0"/><counter type="LINE" missed="1" covered="0"/><counter type="COMPLEXITY" missed="1" covered="0"/><counter type="METHOD" missed="1" covered="0"/></method><method name="onClick" desc="(Landroid/view/View;)V" line="875"><counter type="INSTRUCTION" missed="6" covered="0"/><counter type="LINE" missed="2" covered="0"/><counter type="COMPLEXITY" missed="1" covered="0"/><counter type="METHOD" missed="1" covered="0"/></method><counter type="INSTRUCTION" missed="12" covered="0"/><counter type="LINE" missed="3" covered="0"/><counter type="COMPLEXITY" missed="2" covered="0"/><counter type="METHOD" missed="2" covered="0"/><counter type="CLASS" missed="1" covered="0"/></class><class name="com/example/tko_chess/RegisterActivity$2" sourcefilename="RegisterActivity.java"><method name="&lt;init&gt;" desc="(Lcom/example/tko_chess/RegisterActivity;)V" line="85"><counter type="INSTRUCTION" missed="0" covered="6"/><counter type="LINE" missed="0" covered="1"/><counter type="COMPLEXITY" missed="0" covered="1"/><counter type="METHOD" missed="0" covered="1"/></method><method name="onClick" desc="(Landroid/view/View;)V" line="89"><counter type="INSTRUCTION" missed="0" covered="110"/><counter type="LINE" missed="0" covered="13"/><counter type="COMPLEXITY" missed="0" covered="1"/><counter type="METHOD" missed="0" covered="1"/></method><counter type="INSTRUCTION" missed="0" covered="116"/><counter type="LINE" missed="0" covered="14"/><counter type="COMPLEXITY" missed="0" covered="2"/><counter type="METHOD" missed="0" covered="2"/><counter type="CLASS" missed="0" covered="1"/></class><class name="com/example/tko_chess/RegisterActivity$1" sourcefilename="RegisterActivity.java"><method name="&lt;init&gt;" desc="(Lcom/example/tko_chess/RegisterActivity;)V" line="73"><counter type="INSTRUCTION" missed="0" covered="6"/><counter type="LINE" missed="0" covered="1"/><counter type="COMPLEXITY" missed="0" covered="1"/><counter type="METHOD" missed="0" covered="1"/></method><method name="onClick" desc="(Landroid/view/View;)V" line="76"><counter type="INSTRUCTION" missed="10" covered="0"/><counter type="LINE" missed="2" covered="0"/><counter type="COMPLEXITY" missed="1" covered="0"/><counter type="METHOD" missed="1" covered="0"/></method><counter type="INSTRUCTION" missed="10" covered="6"/><counter type="LINE" missed="2" covered="1"/><counter type="COMPLEXITY" missed="1" covered="1"/><counter type="METHOD" missed="1" covered="1"/><counter type="CLASS" missed="0" covered="1"/></class><class name="com/example/tko_chess/EditProfileActivity" sourcefilename="EditProfileActivity.java"><method name="&lt;init&gt;" desc="()V" line="28"><counter type="INSTRUCTION" missed="0" covered="9"/><counter type="LINE" missed="0" covered="3"/><counter type="COMPLEXITY" missed="0" covered="1"/><counter type="METHOD" missed="0" covered="1"/></method><method name="onCreate" desc="(Landroid/os/Bundle;)V" line="65"><counter type="INSTRUCTION" missed="0" covered="82"/><counter type="LINE" missed="0" covered="15"/><counter type="COMPLEXITY" missed="0" covered="1"/><counter type="METHOD" missed="0" covered="1"/></method><counter type="INSTRUCTION" missed="0" covered="91"/><counter type="LINE" missed="0" covered="18"/><counter type="COMPLEXITY" missed="0" covered="2"/><counter type="METHOD" missed="0" covered="2"/><counter type="CLASS" missed="0" covered="1"/></class><class name="com/example/tko_chess/HostJoinActivity$2" sourcefilename="HostJoinActivity.java"><method name="&lt;init&gt;" desc="(Lcom/example/tko_chess/HostJoinActivity;)V" line="108"><counter type="INSTRUCTION" missed="0" covered="6"/><counter type="LINE" missed="0" covered="1"/><counter type="COMPLEXITY" missed="0" covered="1"/><counter type="METHOD" missed="0" covered="1"/></method><method name="onClick" desc="(Landroid/view/View;)V" line="112"><counter type="INSTRUCTION" missed="0" covered="29"/><counter type="LINE" missed="0" covered="6"/><counter type="COMPLEXITY" missed="0" covered="1"/><counter type="METHOD" missed="0" covered="1"/></method><counter type="INSTRUCTION" missed="0" covered="35"/><counter type="LINE" missed="0" covered="7"/><counter type="COMPLEXITY" missed="0" covered="2"/><counter type="METHOD" missed="0" covered="2"/><counter type="CLASS" missed="0" covered="1"/></class><class name="com/example/tko_chess/HostJoinActivity$3" sourcefilename="HostJoinActivity.java"><method name="&lt;init&gt;" desc="(Lcom/example/tko_chess/HostJoinActivity;)V" line="123"><counter type="INSTRUCTION" missed="0" covered="6"/><counter type="LINE" missed="0" covered="1"/><counter type="COMPLEXITY" missed="0" covered="1"/><counter type="METHOD" missed="0" covered="1"/></method><method name="onClick" desc="(Landroid/view/View;)V" line="127"><counter type="INSTRUCTION" missed="40" covered="0"/><counter type="LINE" missed="5" covered="0"/><counter type="COMPLEXITY" missed="1" covered="0"/><counter type="METHOD" missed="1" covered="0"/></method><counter type="INSTRUCTION" missed="40" covered="6"/><counter type="LINE" missed="5" covered="1"/><counter type="COMPLEXITY" missed="1" covered="1"/><counter type="METHOD" missed="1" covered="1"/><counter type="CLASS" missed="0" covered="1"/></class><class name="com/example/tko_chess/ChessActivity$2$3" sourcefilename="ChessActivity.java"><method name="&lt;init&gt;" desc="(Lcom/example/tko_chess/ChessActivity$2;)V" line="367"><counter type="INSTRUCTION" missed="6" covered="0"/><counter type="LINE" missed="1" covered="0"/><counter type="COMPLEXITY" missed="1" covered="0"/><counter type="METHOD" missed="1" covered="0"/></method><method name="onClick" desc="(Landroid/view/View;)V" line="371"><counter type="INSTRUCTION" missed="19" covered="0"/><counter type="LINE" missed="2" covered="0"/><counter type="COMPLEXITY" missed="1" covered="0"/><counter type="METHOD" missed="1" covered="0"/></method><counter type="INSTRUCTION" missed="25" covered="0"/><counter type="LINE" missed="3" covered="0"/><counter type="COMPLEXITY" missed="2" covered="0"/><counter type="METHOD" missed="2" covered="0"/><counter type="CLASS" missed="1" covered="0"/></class><class name="com/example/tko_chess/ChessActivity$2$2" sourcefilename="ChessActivity.java"><method name="&lt;init&gt;" desc="(Lcom/example/tko_chess/ChessActivity$2;)V" line="359"><counter type="INSTRUCTION" missed="6" covered="0"/><counter type="LINE" missed="1" covered="0"/><counter type="COMPLEXITY" missed="1" covered="0"/><counter type="METHOD" missed="1" covered="0"/></method><method name="onClick" desc="(Landroid/view/View;)V" line="362"><counter type="INSTRUCTION" missed="6" covered="0"/><counter type="LINE" missed="2" covered="0"/><counter type="COMPLEXITY" missed="1" covered="0"/><counter type="METHOD" missed="1" covered="0"/></method><counter type="INSTRUCTION" missed="12" covered="0"/><counter type="LINE" missed="3" covered="0"/><counter type="COMPLEXITY" missed="2" covered="0"/><counter type="METHOD" missed="2" covered="0"/><counter type="CLASS" missed="1" covered="0"/></class><class name="com/example/tko_chess/ChessActivity$2$1" sourcefilename="ChessActivity.java"><method name="&lt;init&gt;" desc="(Lcom/example/tko_chess/ChessActivity$2;)V" line="342"><counter type="INSTRUCTION" missed="6" covered="0"/><counter type="LINE" missed="1" covered="0"/><counter type="COMPLEXITY" missed="1" covered="0"/><counter type="METHOD" missed="1" covered="0"/></method><method name="onClick" desc="(Landroid/view/View;)V" line="346"><counter type="INSTRUCTION" missed="39" covered="0"/><counter type="BRANCH" missed="4" covered="0"/><counter type="LINE" missed="6" covered="0"/><counter type="COMPLEXITY" missed="3" covered="0"/><counter type="METHOD" missed="1" covered="0"/></method><counter type="INSTRUCTION" missed="45" covered="0"/><counter type="BRANCH" missed="4" covered="0"/><counter type="LINE" missed="7" covered="0"/><counter type="COMPLEXITY" missed="4" covered="0"/><counter type="METHOD" missed="2" covered="0"/><counter type="CLASS" missed="1" covered="0"/></class><class name="com/example/tko_chess/HostJoinActivity$1" sourcefilename="HostJoinActivity.java"><method name="&lt;init&gt;" desc="(Lcom/example/tko_chess/HostJoinActivity;)V" line="97"><counter type="INSTRUCTION" missed="0" covered="6"/><counter type="LINE" missed="0" covered="1"/><counter type="COMPLEXITY" missed="0" covered="1"/><counter type="METHOD" missed="0" covered="1"/></method><method name="onClick" desc="(Landroid/view/View;)V" line="100"><counter type="INSTRUCTION" missed="0" covered="12"/><counter type="LINE" missed="0" covered="3"/><counter type="COMPLEXITY" missed="0" covered="1"/><counter type="METHOD" missed="0" covered="1"/></method><counter type="INSTRUCTION" missed="0" covered="18"/><counter type="LINE" missed="0" covered="4"/><counter type="COMPLEXITY" missed="0" covered="2"/><counter type="METHOD" missed="0" covered="2"/><counter type="CLASS" missed="0" covered="1"/></class><class name="com/example/tko_chess/ChessActivity" sourcefilename="ChessActivity.java"><method name="&lt;init&gt;" desc="()V" line="28"><counter type="INSTRUCTION" missed="27" covered="0"/><counter type="LINE
[...]
i="5" ci="0" mb="0" cb="0"/><line nr="4341" mi="5" ci="0" mb="2" cb="0"/><line nr="4342" mi="5" ci="0" mb="0" cb="0"/><line nr="4344" mi="5" ci="0" mb="2" cb="0"/><line nr="4345" mi="5" ci="0" mb="0" cb="0"/><line nr="4347" mi="5" ci="0" mb="2" cb="0"/><line nr="4348" mi="5" ci="0" mb="0" cb="0"/><line nr="4351" mi="5" ci="0" mb="2" cb="0"/><line nr="4352" mi="5" ci="0" mb="0" cb="0"/><line nr="4354" mi="5" ci="0" mb="2" cb="0"/><line nr="4355" mi="5" ci="0" mb="0" cb="0"/><line nr="4357" mi="5" ci="0" mb="2" cb="0"/><line nr="4358" mi="5" ci="0" mb="0" cb="0"/><line nr="4360" mi="5" ci="0" mb="2" cb="0"/><line nr="4361" mi="5" ci="0" mb="0" cb="0"/><line nr="4363" mi="5" ci="0" mb="2" cb="0"/><line nr="4364" mi="5" ci="0" mb="0" cb="0"/><line nr="4366" mi="5" ci="0" mb="2" cb="0"/><line nr="4367" mi="5" ci="0" mb="0" cb="0"/><line nr="4369" mi="5" ci="0" mb="2" cb="0"/><line nr="4370" mi="5" ci="0" mb="0" cb="0"/><line nr="4372" mi="5" ci="0" mb="2" cb="0"/><line nr="4373" mi="5" ci="0" mb="0" cb="0"/><line nr="4376" mi="5" ci="0" mb="2" cb="0"/><line nr="4377" mi="5" ci="0" mb="0" cb="0"/><line nr="4379" mi="5" ci="0" mb="2" cb="0"/><line nr="4380" mi="5" ci="0" mb="0" cb="0"/><line nr="4382" mi="5" ci="0" mb="2" cb="0"/><line nr="4383" mi="5" ci="0" mb="0" cb="0"/><line nr="4385" mi="5" ci="0" mb="2" cb="0"/><line nr="4386" mi="5" ci="0" mb="0" cb="0"/><line nr="4388" mi="5" ci="0" mb="2" cb="0"/><line nr="4389" mi="5" ci="0" mb="0" cb="0"/><line nr="4391" mi="5" ci="0" mb="2" cb="0"/><line nr="4392" mi="5" ci="0" mb="0" cb="0"/><line nr="4394" mi="5" ci="0" mb="2" cb="0"/><line nr="4395" mi="5" ci="0" mb="0" cb="0"/><line nr="4397" mi="5" ci="0" mb="2" cb="0"/><line nr="4398" mi="5" ci="0" mb="0" cb="0"/><line nr="4401" mi="5" ci="0" mb="2" cb="0"/><line nr="4402" mi="5" ci="0" mb="0" cb="0"/><line nr="4404" mi="5" ci="0" mb="2" cb="0"/><line nr="4405" mi="5" ci="0" mb="0" cb="0"/><line nr="4407" mi="5" ci="0" mb="2" cb="0"/><line nr="4408" mi="5" ci="0" mb="0" cb="0"/><line nr="4410" mi="5" ci="0" mb="2" cb="0"/><line nr="4411" mi="5" ci="0" mb="0" cb="0"/><line nr="4413" mi="5" ci="0" mb="2" cb="0"/><line nr="4414" mi="5" ci="0" mb="0" cb="0"/><line nr="4416" mi="5" ci="0" mb="2" cb="0"/><line nr="4417" mi="5" ci="0" mb="0" cb="0"/><line nr="4419" mi="5" ci="0" mb="2" cb="0"/><line nr="4420" mi="5" ci="0" mb="0" cb="0"/><line nr="4422" mi="5" ci="0" mb="2" cb="0"/><line nr="4423" mi="5" ci="0" mb="0" cb="0"/><line nr="4426" mi="5" ci="0" mb="2" cb="0"/><line nr="4427" mi="5" ci="0" mb="0" cb="0"/><line nr="4429" mi="5" ci="0" mb="2" cb="0"/><line nr="4430" mi="5" ci="0" mb="0" cb="0"/><line nr="4432" mi="5" ci="0" mb="2" cb="0"/><line nr="4433" mi="5" ci="0" mb="0" cb="0"/><line nr="4435" mi="5" ci="0" mb="2" cb="0"/><line nr="4436" mi="5" ci="0" mb="0" cb="0"/><line nr="4438" mi="5" ci="0" mb="2" cb="0"/><line nr="4439" mi="5" ci="0" mb="0" cb="0"/><line nr="4441" mi="5" ci="0" mb="2" cb="0"/><line nr="4442" mi="5" ci="0" mb="0" cb="0"/><line nr="4444" mi="5" ci="0" mb="2" cb="0"/><line nr="4445" mi="5" ci="0" mb="0" cb="0"/><line nr="4447" mi="5" ci="0" mb="2" cb="0"/><line nr="4448" mi="5" ci="0" mb="0" cb="0"/><line nr="4451" mi="5" ci="0" mb="2" cb="0"/><line nr="4452" mi="5" ci="0" mb="0" cb="0"/><line nr="4454" mi="5" ci="0" mb="2" cb="0"/><line nr="4455" mi="5" ci="0" mb="0" cb="0"/><line nr="4457" mi="5" ci="0" mb="2" cb="0"/><line nr="4458" mi="5" ci="0" mb="0" cb="0"/><line nr="4460" mi="5" ci="0" mb="2" cb="0"/><line nr="4461" mi="5" ci="0" mb="0" cb="0"/><line nr="4463" mi="5" ci="0" mb="2" cb="0"/><line nr="4464" mi="5" ci="0" mb="0" cb="0"/><line nr="4466" mi="5" ci="0" mb="2" cb="0"/><line nr="4467" mi="5" ci="0" mb="0" cb="0"/><line nr="4469" mi="5" ci="0" mb="2" cb="0"/><line nr="4470" mi="5" ci="0" mb="0" cb="0"/><line nr="4472" mi="5" ci="0" mb="2" cb="0"/><line nr="4473" mi="5" ci="0" mb="0" cb="0"/><line nr="4476" mi="5" ci="0" mb="2" cb="0"/><line nr="4477" mi="5" ci="0" mb="0" cb="0"/><line nr="4479" mi="5" ci="0" mb="2" cb="0"/><line nr="4480" mi="5" ci="0" mb="0" cb="0"/><line nr="4482" mi="5" ci="0" mb="2" cb="0"/><line nr="4483" mi="5" ci="0" mb="0" cb="0"/><line nr="4485" mi="5" ci="0" mb="2" cb="0"/><line nr="4486" mi="5" ci="0" mb="0" cb="0"/><line nr="4488" mi="5" ci="0" mb="2" cb="0"/><line nr="4489" mi="5" ci="0" mb="0" cb="0"/><line nr="4491" mi="5" ci="0" mb="2" cb="0"/><line nr="4492" mi="5" ci="0" mb="0" cb="0"/><line nr="4494" mi="5" ci="0" mb="2" cb="0"/><line nr="4495" mi="5" ci="0" mb="0" cb="0"/><line nr="4497" mi="5" ci="0" mb="2" cb="0"/><line nr="4498" mi="5" ci="0" mb="0" cb="0"/><line nr="4501" mi="1" ci="0" mb="0" cb="0"/><line nr="4503" mi="1" ci="0" mb="0" cb="0"/><line nr="4511" mi="16" ci="0" mb="0" cb="0"/><line nr="4515" mi="4" ci="0" mb="0" cb="0"/><line nr="4516" mi="5" ci="0" mb="0" cb="0"/><line nr="4519" mi="8" ci="0" mb="0" cb="0"/><line nr="4520" mi="5" ci="0" mb="0" cb="0"/><line nr="4521" mi="5" ci="0" mb="0" cb="0"/><line nr="4524" mi="4" ci="0" mb="0" cb="0"/><line nr="4526" mi="5" ci="0" mb="0" cb="0"/><line nr="4528" mi="12" ci="0" mb="0" cb="0"/><line nr="4532" mi="8" ci="0" mb="0" cb="0"/><line nr="4533" mi="5" ci="0" mb="0" cb="0"/><line nr="4534" mi="1" ci="0" mb="0" cb="0"/><line nr="4536" mi="1" ci="0" mb="0" cb="0"/><line nr="4538" mi="1" ci="0" mb="0" cb="0"/><line nr="4541" mi="16" ci="0" mb="0" cb="0"/><line nr="4544" mi="5" ci="0" mb="2" cb="0"/><line nr="4545" mi="6" ci="0" mb="0" cb="0"/><line nr="4548" mi="5" ci="0" mb="2" cb="0"/><line nr="4549" mi="5" ci="0" mb="0" cb="0"/><line nr="4551" mi="1" ci="0" mb="0" cb="0"/><line nr="4553" mi="1" ci="0" mb="0" cb="0"/><line nr="4557" mi="16" ci="0" mb="0" cb="0"/><line nr="4560" mi="4" ci="0" mb="0" cb="0"/><line nr="4561" mi="5" ci="0" mb="0" cb="0"/><line nr="4563" mi="8" ci="0" mb="0" cb="0"/><line nr="4564" mi="5" ci="0" mb="0" cb="0"/><line nr="4565" mi="5" ci="0" mb="0" cb="0"/><line nr="4566" mi="5" ci="0" mb="0" cb="0"/><line nr="4567" mi="5" ci="0" mb="0" cb="0"/><line nr="4569" mi="5" ci="0" mb="0" cb="0"/><line nr="4571" mi="6" ci="0" mb="2" cb="0"/><line nr="4572" mi="3" ci="0" mb="0" cb="0"/><line nr="4573" mi="3" ci="0" mb="0" cb="0"/><line nr="4574" mi="3" ci="0" mb="0" cb="0"/><line nr="4575" mi="3" ci="0" mb="0" cb="0"/><line nr="4577" mi="12" ci="0" mb="0" cb="0"/><line nr="4580" mi="5" ci="0" mb="0" cb="0"/><line nr="4581" mi="22" ci="0" mb="0" cb="0"/><line nr="4582" mi="6" ci="0" mb="0" cb="0"/><line nr="4583" mi="1" ci="0" mb="0" cb="0"/><line nr="4585" mi="12" ci="0" mb="0" cb="0"/><line nr="4588" mi="5" ci="0" mb="0" cb="0"/><line nr="4589" mi="22" ci="0" mb="0" cb="0"/><line nr="4590" mi="6" ci="0" mb="0" cb="0"/><line nr="4591" mi="1" ci="0" mb="0" cb="0"/><line nr="4593" mi="12" ci="0" mb="0" cb="0"/><line nr="4596" mi="5" ci="0" mb="0" cb="0"/><line nr="4597" mi="22" ci="0" mb="0" cb="0"/><line nr="4598" mi="6" ci="0" mb="0" cb="0"/><line nr="4599" mi="1" ci="0" mb="0" cb="0"/><line nr="4601" mi="12" ci="0" mb="0" cb="0"/><line nr="4604" mi="5" ci="0" mb="0" cb="0"/><line nr="4605" mi="22" ci="0" mb="0" cb="0"/><line nr="4606" mi="6" ci="0" mb="0" cb="0"/><line nr="4607" mi="1" ci="0" mb="0" cb="0"/><line nr="4610" mi="6" ci="0" mb="2" cb="0"/><line nr="4611" mi="3" ci="0" mb="0" cb="0"/><line nr="4612" mi="3" ci="0" mb="0" cb="0"/><line nr="4613" mi="3" ci="0" mb="0" cb="0"/><line nr="4614" mi="3" ci="0" mb="0" cb="0"/><line nr="4616" mi="12" ci="0" mb="0" cb="0"/><line nr="4619" mi="5" ci="0" mb="0" cb="0"/><line nr="4620" mi="22" ci="0" mb="0" cb="0"/><line nr="4621" mi="6" ci="0" mb="0" cb="0"/><line nr="4622" mi="1" ci="0" mb="0" cb="0"/><line nr="4624" mi="12" ci="0" mb="0" cb="0"/><line nr="4627" mi="5" ci="0" mb="0" cb="0"/><line nr="4628" mi="22" ci="0" mb="0" cb="0"/><line nr="4629" mi="6" ci="0" mb="0" cb="0"/><line nr="4630" mi="1" ci="0" mb="0" cb="0"/><line nr="4632" mi="12" ci="0" mb="0" cb="0"/><line nr="4635" mi="5" ci="0" mb="0" cb="0"/><line nr="4636" mi="22" ci="0" mb="0" cb="0"/><line nr="4637" mi="6" ci="0" mb="0" cb="0"/><line nr="4638" mi="1" ci="0" mb="0" cb="0"/><line nr="4640" mi="12" ci="0" mb="0" cb="0"/><line nr="4643" mi="5" ci="0" mb="0" cb="0"/><line nr="4644" mi="22" ci="0" mb="0" cb="0"/><line nr="4645" mi="6" ci="0" mb="0" cb="0"/><line nr="4646" mi="1" ci="0" mb="0" cb="0"/><line nr="4650" mi="1" ci="0" mb="0" cb="0"/><line nr="4652" mi="1" ci="0" mb="0" cb="0"/><counter type="INSTRUCTION" missed="16045" covered="0"/><counter type="BRANCH" missed="2274" covered="0"/><counter type="LINE" missed="2974" covered="0"/><counter type="COMPLEXITY" missed="1338" covered="0"/><counter type="METHOD" missed="192" covered="0"/><counter type="CLASS" missed="90" covered="0"/></sourcefile><sourcefile name="MainMenuActivity.java"><line nr="20" mi="0" ci="3" mb="0" cb="0"/><line nr="70" mi="0" ci="3" mb="0" cb="0"/><line nr="71" mi="0" ci="3" mb="0" cb="0"/><line nr="73" mi="0" ci="6" mb="0" cb="0"/><line nr="75" mi="0" ci="13" mb="0" cb="0"/><line nr="78" mi="7" ci="0" mb="0" cb="0"/><line nr="79" mi="5" ci="0" mb="0" cb="0"/><line nr="80" mi="4" ci="0" mb="0" cb="0"/><line nr="81" mi="1" ci="0" mb="0" cb="0"/><line nr="84" mi="0" ci="6" mb="0" cb="0"/><line nr="86" mi="0" ci="13" mb="0" cb="0"/><line nr="89" mi="0" ci="7" mb="0" cb="0"/><line nr="90" mi="0" ci="5" mb="0" cb="0"/><line nr="91" mi="0" ci="4" mb="0" cb="0"/><line nr="92" mi="0" ci="1" mb="0" cb="0"/><line nr="95" mi="0" ci="6" mb="0" cb="0"/><line nr="96" mi="0" ci="13" mb="0" cb="0"/><line nr="99" mi="7" ci="0" mb="0" cb="0"/><line nr="100" mi="5" ci="0" mb="0" cb="0"/><line nr="101" mi="4" ci="0" mb="0" cb="0"/><line nr="102" mi="1" ci="0" mb="0" cb="0"/><line nr="105" mi="0" ci="6" mb="0" cb="0"/><line nr="107" mi="0" ci="13" mb="0" cb="0"/><line nr="112" mi="0" ci="1" mb="0" cb="0"/><line nr="114" mi="0" ci="7" mb="0" cb="0"/><line nr="115" mi="0" ci="4" mb="0" cb="0"/><line nr="116" mi="0" ci="1" mb="0" cb="0"/><line nr="119" mi="0" ci="6" mb="0" cb="0"/><line nr="121" mi="0" ci="13" mb="0" cb="0"/><line nr="124" mi="0" ci="7" mb="0" cb="0"/><line nr="125" mi="0" ci="4" mb="0" cb="0"/><line nr="126" mi="0" ci="1" mb="0" cb="0"/><line nr="129" mi="0" ci="6" mb="0" cb="0"/><line nr="131" mi="0" ci="13" mb="0" cb="0"/><line nr="134" mi="0" ci="7" mb="0" cb="0"/><line nr="135" mi="0" ci="4" mb="0" cb="0"/><line nr="136" mi="0" ci="1" mb="0" cb="0"/><line nr="138" mi="0" ci="1" mb="0" cb="0"/><counter type="INSTRUCTION" missed="34" covered="178"/><counter type="LINE" missed="8" covered="30"/><counter type="COMPLEXITY" missed="2" covered="12"/><counter type="METHOD" missed="2" covered="12"/><counter type="CLASS" missed="0" covered="7"/></sourcefile><sourcefile name="FriendsActivity.java"><line nr="33" mi="0" ci="2" mb="0" cb="0"/><line nr="43" mi="0" ci="3" mb="0" cb="0"/><line nr="92" mi="0" ci="3" mb="0" cb="0"/><line nr="100" mi="0" ci="3" mb="0" cb="0"/><line nr="105" mi="0" ci="4" mb="0" cb="0"/><line nr="118" mi="0" ci="3" mb="0" cb="0"/><line nr="119" mi="0" ci="3" mb="0" cb="0"/><line nr="122" mi="0" ci="8" mb="0" cb="0"/><line nr="125" mi="0" ci="6" mb="0" cb="0"/><line nr="126" mi="0" ci="6" mb="0" cb="0"/><line nr="127" mi="0" ci="6" mb="0" cb="0"/><line nr="128" mi="0" ci="6" mb="0" cb="0"/><line nr="129" mi="0" ci="6" mb="0" cb="0"/><line nr="132" mi="0" ci="6" mb="0" cb="0"/><line nr="135" mi="0" ci="6" mb="0" cb="0"/><line nr="138" mi="0" ci="6" mb="0" cb="0"/><line nr="141" mi="0" ci="3" mb="0" cb="0"/><line nr="144" mi="0" ci="5" mb="0" cb="0"/><line nr="149" mi="0" ci="13" mb="0" cb="0"/><line nr="154" mi="7" ci="0" mb="0" cb="0"/><line nr="155" mi="4" ci="0" mb="0" cb="0"/><line nr="156" mi="1" ci="0" mb="0" cb="0"/><line nr="162" mi="0" ci="13" mb="0" cb="0"/><line nr="166" mi="0" ci="14" mb="0" cb="0"/><line nr="167" mi="0" ci="16" mb="0" cb="0"/><line nr="168" mi="0" ci="3" mb="0" cb="0"/><line nr="169" mi="0" ci="1" mb="0" cb="0"/><line nr="175" mi="0" ci="13" mb="0" cb="0"/><line nr="178" mi="0" ci="7" mb="0" cb="0"/><line nr="179" mi="0" ci="1" mb="0" cb="0"/><line nr="185" mi="0" ci="13" mb="0" cb="0"/><line nr="188" mi="0" ci="7" mb="0" cb="0"/><line nr="189" mi="0" ci="1" mb="0" cb="0"/><line nr="195" mi="0" ci="13" mb="0" cb="0"/><line nr="198" mi="0" ci="7" mb="0" cb="0"/><line nr="199" mi="0" ci="1" mb="0" cb="0"/><line nr="201" mi="0" ci="1" mb="0" cb="0"/><line nr="210" mi="0" ci="3" mb="0" cb="0"/><line nr="212" mi="0" ci="29" mb="0" cb="0"/><line nr="217" mi="0" ci="5" mb="0" cb="0"/><line nr="218" mi="1" ci="0" mb="0" cb="0"/><line nr="219" mi="5" ci="0" mb="0" cb="0"/><line nr="220" mi="0" ci="1" mb="0" cb="0"/><line nr="222" mi="0" ci="4" mb="1" cb="1"/><line nr="223" mi="0" ci="5" mb="0" cb="2"/><line nr="225" mi="0" ci="11" mb="0" cb="0"/><line nr="226" mi="0" ci="8" mb="0" cb="0"/><line nr="228" mi="0" ci="5" mb="1" cb="1"/><line nr="230" mi="11" ci="0" mb="0" cb="0"/><line nr="231" mi="8" ci="0" mb="0" cb="0"/><line nr="235" mi="0" ci="11" mb="0" cb="0"/><line nr="236" mi="0" ci="8" mb="0" cb="0"/><line nr="239" mi="5" ci="0" mb="0" cb="0"/><line nr="241" mi="0" ci="1" mb="0" cb="0"/><line nr="242" mi="0" ci="6" mb="0" cb="0"/><line nr="245" mi="5" ci="0" mb="0" cb="0"/><line nr="246" mi="1" ci="0" mb="0" cb="0"/><line nr="248" mi="0" ci="4" mb="0" cb="0"/><line nr="250" mi="0" ci="3" mb="0" cb="0"/><line nr="251" mi="0" ci="1" mb="0" cb="0"/><line nr="260" mi="0" ci="3" mb="0" cb="0"/><line nr="261" mi="0" ci="6" mb="0" cb="0"/><line nr="264" mi="0" ci="8" mb="0" cb="2"/><line nr="265" mi="0" ci="7" mb="0" cb="0"/><line nr="266" mi="0" ci="5" mb="0" cb="0"/><line nr="267" mi="0" ci="5" mb="0" cb="0"/><line nr="268" mi="0" ci="5" mb="0" cb="0"/><line nr="272" mi="0" ci="5" mb="0" cb="0"/><line nr="273" mi="1" ci="0" mb="0" cb="0"/><line nr="274" mi="5" ci="0" mb="0" cb="0"/><line nr="275" mi="0" ci="1" mb="0" cb="0"/><line nr="278" mi="0" ci="16" mb="0" cb="0"/><line nr="282" mi="0" ci="14" mb="0" cb="0"/><line nr="283" mi="0" ci="15" mb="0" cb="0"/><line nr="285" mi="0" ci="3" mb="0" cb="0"/><line nr="286" mi="0" ci="1" mb="0" cb="0"/><line nr="289" mi="0" ci="16" mb="0" cb="0"/><line nr="293" mi="0" ci="14" mb="0" cb="0"/><line nr="294" mi="0" ci="15" mb="0" cb="0"/><line nr="296" mi="0" ci="3" mb="0" cb="0"/><line nr="297" mi="0" ci="1" mb="0" cb="0"/><line nr="300" mi="0" ci="4" mb="0" cb="0"/><line nr="303" mi="0" ci="3" mb="0" cb="0"/><line nr="304" mi="0" ci="1" mb="0" cb="0"/><line nr="312" mi="0" ci="3" mb="0" cb="0"/><line nr="313" mi="0" ci="29" mb="0" cb="0"/><line nr="318" mi="0" ci="5" mb="0" cb="0"/><line nr="319" mi="1" ci="0" mb="0" cb="0"/><line nr="320" mi="5" ci="0" mb="0" cb="0"/><line nr="321" mi="0" ci="1" mb="0" cb="0"/><line nr="323" mi="0" ci="4" mb="1" cb="1"/><line nr="325" mi="0" ci="11" mb="0" cb="0"/><line nr="326" mi="0" ci="8" mb="0" cb="0"/><line nr="328" mi="5" ci="0" mb="0" cb="0"/><line nr="330" mi="0" ci="1" mb="0" cb="0"/><line nr="331" mi="0" ci="6" mb="0" cb="0"/><line nr="334" mi="5" ci="0" mb="0" cb="0"/><line nr="335" mi="1" ci="0" mb="0" cb="0"/><line nr="337" mi="0" ci="4" mb="0" cb="0"/><line nr="339" mi="0" ci="3" mb="0" cb="0"/><line nr="340" mi="0" ci="1" mb="0" cb="0"/><line nr="349" mi="0" ci="3" mb="0" cb="0"/><line nr="350" mi="0" ci="29" mb="0" cb="0"/><line nr="355" mi="0" ci="5" mb="0" cb="0"/><line nr="356" mi="1" ci="0" mb="0" cb="0"/><line nr="357" mi="5" ci="0" mb="0" cb="0"/><line nr="358" mi="0" ci="1" mb="0" cb="0"/><line nr="360" mi="0" ci="4" mb="1" cb="1"/><line nr="362" mi="0" ci="11" mb="0" cb="0"/><line nr="363" mi="0" ci="8" mb="0" cb="0"/><line nr="365" mi="5" ci="0" mb="0" cb="0"/><line nr="367" mi="0" ci="1" mb="0" cb="0"/><line nr="368" mi="0" ci="6" mb="0" cb="0"/><line nr="371" mi="5" ci="0" mb="0" cb="0"/><line nr="372" mi="1" ci="0" mb="0" cb="0"/><line nr="374" mi="0" ci="4" mb="0" cb="0"/><line nr="376" mi="0" ci="3" mb="0" cb="0"/><line nr="377" mi="0" ci="1" mb="0" cb="0"/><line nr="387" mi="0" ci="3" mb="0" cb="0"/><line nr="388" mi="0" ci="6" mb="0" cb="0"/><line nr="391" mi="0" ci="8" mb="0" cb="2"/><line nr="392" mi="0" ci="7" mb="0" cb="0"/><line nr="393" mi="0" ci="5" mb="0" cb="0"/><line nr="394" mi="0" ci="5" mb="0" cb="0"/><line nr="398" mi="0" ci="5" mb="0" cb="0"/><line nr="399" mi="1" ci="0" mb="0" cb="0"/><line nr="400" mi="5" ci="0" mb="0" cb="0"/><line nr="401" mi="0" ci="1" mb="0" cb="0"/><line nr="403" mi="0" ci="4" mb="0" cb="0"/><line nr="406" mi="0" ci="16" mb="0" cb="0"/><line nr="410" mi="0" ci="14" mb="0" cb="0"/><line nr="411" mi="0" ci="15" mb="0" cb="0"/><line nr="413" mi="0" ci="3" mb="0" cb="0"/><line nr="414" mi="0" ci="1" mb="0" cb="0"/><line nr="418" mi="0" ci="3" mb="0" cb="0"/><line nr="419" mi="0" ci="1" mb="0" cb="0"/><line nr="428" mi="0" ci="3" mb="0" cb="0"/><line nr="429" mi="0" ci="29" mb="0" cb="0"/><line nr="434" mi="0" ci="5" mb="0" cb="0"/><line nr="435" mi="1" ci="0" mb="0" cb="0"/><line nr="436" mi="5" ci="0" mb="0" cb="0"/><line nr="437" mi="0" ci="1" mb="0" cb="0"/><line nr="439" mi="0" ci="4" mb="1" cb="1"/><line nr="441" mi="0" ci="11" mb="0" cb="0"/><line nr="442" mi="0" ci="8" mb="0" cb="0"/><line nr="444" mi="5" ci="0" mb="0" cb="0"/><line nr="446" mi="0" ci="1" mb="0" cb="0"/><line nr="447" mi="0" ci="6" mb="0" cb="0"/><line nr="450" mi="5" ci="0" mb="0" cb="0"/><line nr="451" mi="1" ci="0" mb="0" cb="0"/><line nr="453" mi="0" ci="4" mb="0" cb="0"/><line nr="455" mi="0" ci="3" mb="0" cb="0"/><line nr="456" mi="0" ci="1" mb="0" cb="0"/><line nr="464" mi="0" ci="3" mb="0" cb="0"/><line nr="465" mi="0" ci="6" mb="0" cb="0"/><line nr="468" mi="0" ci="8" mb="0" cb="2"/><line nr="470" mi="0" ci="7" mb="0" cb="0"/><line nr="471" mi="0" ci="5" mb="0" cb="0"/><line nr="472" mi="0" ci="5" mb="0" cb="0"/><line nr="476" mi="0" ci="5" mb="0" cb="0"/><line nr="477" mi="1" ci="0" mb="0" cb="0"/><line nr="478" mi="5" ci="0" mb="0" cb="0"/><line nr="479" mi="0" ci="1" mb="0" cb="0"/><line nr="481" mi="0" ci="4" mb="0" cb="0"/><line nr="484" mi="0" ci="16" mb="0" cb="0"/><line nr="488" mi="0" ci="14" mb="0" cb="0"/><line nr="489" mi="0" ci="15" mb="0" cb="0"/><line nr="491" mi="0" ci="3" mb="0" cb="0"/><line nr="492" mi="0" ci="1" mb="0" cb="0"/><line nr="497" mi="0" ci="3" mb="0" cb="0"/><line nr="498" mi="0" ci="1" mb="0" cb="0"/><line nr="506" mi="0" ci="3" mb="0" cb="0"/><line nr="507" mi="0" ci="29" mb="0" cb="0"/><line nr="512" mi="0" ci="5" mb="0" cb="0"/><line nr="513" mi="1" ci="0" mb="0" cb="0"/><line nr="514" mi="5" ci="0" mb="0" cb="0"/><line nr="515" mi="0" ci="1" mb="0" cb="0"/><line nr="517" mi="0" ci="4" mb="1" cb="1"/><line nr="519" mi="0" ci="11" mb="0" cb="0"/><line nr="520" mi="0" ci="8" mb="0" cb="0"/><line nr="522" mi="5" ci="0" mb="0" cb="0"/><line nr="524" mi="0" ci="1" mb="0" cb="0"/><line nr="525" mi="0" ci="6" mb="0" cb="0"/><line nr="528" mi="5" ci="0" mb="0" cb="0"/><line nr="529" mi="1" ci="0" mb="0" cb="0"/><line nr="531" mi="0" ci="4" mb="0" cb="0"/><line nr="533" mi="0" ci="3" mb="0" cb="0"/><line nr="534" mi="0" ci="1" mb="0" cb="0"/><counter type="INSTRUCTION" missed="134" covered="963"/><counter type="BRANCH" missed="6" covered="14"/><counter type="LINE" missed="36" covered="152"/><counter type="COMPLEXITY" missed="12" covered="46"/><counter type="METHOD" missed="6" covered="42"/><counter type="CLASS" missed="0" covered="20"/></sourcefile><counter type="INSTRUCTION" missed="19711" covered="3732"/><counter type="BRANCH" missed="2488" covered="82"/><counter type="LINE" missed="3684" covered="615"/><counter type="COMPLEXITY" missed="1603" covered="195"/><counter type="METHOD" missed="323" covered="167"/><counter type="CLASS" missed="132" covered="79"/></package><counter type="INSTRUCTION" missed="19714" covered="3732"/><counter type="BRANCH" missed="2488" covered="82"/><counter type="LINE" missed="3685" covered="615"/><counter type="COMPLEXITY" missed="1604" covered="195"/><counter type="METHOD" missed="324" covered="167"/><counter type="CLASS" missed="133" covered="79"/></report>